DEBUG - 2025-08-03 07:01:25 --> Session: Class initialized using 'CodeIgniter\Session\Handlers\FileHandler' driver.
DEBUG - 2025-08-03 07:01:32 --> Session: Class initialized using 'CodeIgniter\Session\Handlers\FileHandler' driver.
DEBUG - 2025-08-03 07:01:38 --> Session: Class initialized using 'CodeIgniter\Session\Handlers\FileHandler' driver.
DEBUG - 2025-08-03 07:01:38 --> Session: Class initialized using 'CodeIgniter\Session\Handlers\FileHandler' driver.
DEBUG - 2025-08-03 07:01:41 --> Session: Class initialized using 'CodeIgniter\Session\Handlers\FileHandler' driver.
DEBUG - 2025-08-03 07:03:21 --> Session: Class initialized using 'CodeIgniter\Session\Handlers\FileHandler' driver.
DEBUG - 2025-08-03 07:09:14 --> Session: Class initialized using 'CodeIgniter\Session\Handlers\FileHandler' driver.
CRITICAL - 2025-08-03 07:09:37 --> CodeIgniter\Exceptions\BadMethodCallException: Call to undefined method App\Models\TourModel::search
[Method: GET, Route: explore]
in SYSTEMPATH\Model.php on line 930.
 1 APPPATH\Controllers\TourController.php(106): CodeIgniter\Model->__call('search', [...])
 2 SYSTEMPATH\CodeIgniter.php(933): App\Controllers\TourController->explore()
 3 SYSTEMPATH\CodeIgniter.php(507): CodeIgniter\CodeIgniter->runController(Object(App\Controllers\TourController))
 4 SYSTEMPATH\CodeIgniter.php(354): CodeIgniter\CodeIgniter->handleRequest(null, Object(Config\Cache), false)
 5 SYSTEMPATH\Boot.php(334): CodeIgniter\CodeIgniter->run()
 6 SYSTEMPATH\Boot.php(67): CodeIgniter\Boot::runCodeIgniter(Object(CodeIgniter\CodeIgniter))
 7 FCPATH\index.php(59): CodeIgniter\Boot::bootWeb(Object(Config\Paths))
DEBUG - 2025-08-03 07:12:07 --> Session: Class initialized using 'CodeIgniter\Session\Handlers\FileHandler' driver.
CRITICAL - 2025-08-03 07:12:12 --> CodeIgniter\Exceptions\BadMethodCallException: Call to undefined method App\Models\TourModel::search
[Method: GET, Route: explore]
in SYSTEMPATH\Model.php on line 930.
 1 APPPATH\Controllers\TourController.php(106): CodeIgniter\Model->__call('search', [...])
 2 SYSTEMPATH\CodeIgniter.php(933): App\Controllers\TourController->explore()
 3 SYSTEMPATH\CodeIgniter.php(507): CodeIgniter\CodeIgniter->runController(Object(App\Controllers\TourController))
 4 SYSTEMPATH\CodeIgniter.php(354): CodeIgniter\CodeIgniter->handleRequest(null, Object(Config\Cache), false)
 5 SYSTEMPATH\Boot.php(334): CodeIgniter\CodeIgniter->run()
 6 SYSTEMPATH\Boot.php(67): CodeIgniter\Boot::runCodeIgniter(Object(CodeIgniter\CodeIgniter))
 7 FCPATH\index.php(59): CodeIgniter\Boot::bootWeb(Object(Config\Paths))
CRITICAL - 2025-08-03 07:14:34 --> ErrorException: Undefined variable $tourModellike
[Method: GET, Route: explore]
in APPPATH\Controllers\TourController.php on line 106.
 1 APPPATH\Controllers\TourController.php(106): CodeIgniter\Debug\Exceptions->errorHandler(2, 'Undefined variable $tourModellike', 'D:\\xampp\\htdocs\\tours-and-travels-system\\app\\Controllers\\TourController.php', 106)
 2 SYSTEMPATH\CodeIgniter.php(933): App\Controllers\TourController->explore()
 3 SYSTEMPATH\CodeIgniter.php(507): CodeIgniter\CodeIgniter->runController(Object(App\Controllers\TourController))
 4 SYSTEMPATH\CodeIgniter.php(354): CodeIgniter\CodeIgniter->handleRequest(null, Object(Config\Cache), false)
 5 SYSTEMPATH\Boot.php(334): CodeIgniter\CodeIgniter->run()
 6 SYSTEMPATH\Boot.php(67): CodeIgniter\Boot::runCodeIgniter(Object(CodeIgniter\CodeIgniter))
 7 FCPATH\index.php(59): CodeIgniter\Boot::bootWeb(Object(Config\Paths))
DEBUG - 2025-08-03 07:14:45 --> Session: Class initialized using 'CodeIgniter\Session\Handlers\FileHandler' driver.
DEBUG - 2025-08-03 07:14:50 --> Session: Class initialized using 'CodeIgniter\Session\Handlers\FileHandler' driver.
DEBUG - 2025-08-03 07:14:55 --> Session: Class initialized using 'CodeIgniter\Session\Handlers\FileHandler' driver.
DEBUG - 2025-08-03 07:15:54 --> Session: Class initialized using 'CodeIgniter\Session\Handlers\FileHandler' driver.
DEBUG - 2025-08-03 07:15:56 --> Session: Class initialized using 'CodeIgniter\Session\Handlers\FileHandler' driver.
DEBUG - 2025-08-03 07:16:38 --> Session: Class initialized using 'CodeIgniter\Session\Handlers\FileHandler' driver.
DEBUG - 2025-08-03 07:16:50 --> Session: Class initialized using 'CodeIgniter\Session\Handlers\FileHandler' driver.
DEBUG - 2025-08-03 07:17:02 --> Session: Class initialized using 'CodeIgniter\Session\Handlers\FileHandler' driver.
DEBUG - 2025-08-03 07:17:06 --> Session: Class initialized using 'CodeIgniter\Session\Handlers\FileHandler' driver.
DEBUG - 2025-08-03 07:17:09 --> Session: Class initialized using 'CodeIgniter\Session\Handlers\FileHandler' driver.
DEBUG - 2025-08-03 07:17:10 --> Session: Class initialized using 'CodeIgniter\Session\Handlers\FileHandler' driver.
DEBUG - 2025-08-03 07:17:47 --> Session: Class initialized using 'CodeIgniter\Session\Handlers\FileHandler' driver.
DEBUG - 2025-08-03 07:17:56 --> Session: Class initialized using 'CodeIgniter\Session\Handlers\FileHandler' driver.
DEBUG - 2025-08-03 07:17:57 --> Session: Class initialized using 'CodeIgniter\Session\Handlers\FileHandler' driver.
DEBUG - 2025-08-03 07:18:01 --> Session: Class initialized using 'CodeIgniter\Session\Handlers\FileHandler' driver.
DEBUG - 2025-08-03 07:18:07 --> Session: Class initialized using 'CodeIgniter\Session\Handlers\FileHandler' driver.
DEBUG - 2025-08-03 07:27:18 --> Session: Class initialized using 'CodeIgniter\Session\Handlers\FileHandler' driver.
WARNING - 2025-08-03 07:27:18 --> [DEPRECATED] password_verify(): Passing null to parameter #1 ($password) of type string is deprecated in APPPATH\Controllers\UserController.php on line 65.
 1 APPPATH\Controllers\UserController.php(65): password_verify(Object(SensitiveParameterValue), '$2y$10$yaW2LmfxBoUJmW9gMi9q5eRoFWvGXnbaaLgmdxjW8tAg0FIZBGJe2')
 2 SYSTEMPATH\CodeIgniter.php(933): App\Controllers\UserController->changepassword()
 3 SYSTEMPATH\CodeIgniter.php(507): CodeIgniter\CodeIgniter->runController(Object(App\Controllers\UserController))
 4 SYSTEMPATH\CodeIgniter.php(354): CodeIgniter\CodeIgniter->handleRequest(null, Object(Config\Cache), false)
 5 SYSTEMPATH\Boot.php(334): CodeIgniter\CodeIgniter->run()
 6 SYSTEMPATH\Boot.php(67): CodeIgniter\Boot::runCodeIgniter(Object(CodeIgniter\CodeIgniter))
 7 FCPATH\index.php(59): CodeIgniter\Boot::bootWeb(Object(Config\Paths))
DEBUG - 2025-08-03 07:27:18 --> Session: Class initialized using 'CodeIgniter\Session\Handlers\FileHandler' driver.
WARNING - 2025-08-03 07:27:18 --> [DEPRECATED] password_verify(): Passing null to parameter #1 ($password) of type string is deprecated in APPPATH\Controllers\UserController.php on line 65.
 1 APPPATH\Controllers\UserController.php(65): password_verify(Object(SensitiveParameterValue), '$2y$10$yaW2LmfxBoUJmW9gMi9q5eRoFWvGXnbaaLgmdxjW8tAg0FIZBGJe2')
 2 SYSTEMPATH\CodeIgniter.php(933): App\Controllers\UserController->changepassword()
 3 SYSTEMPATH\CodeIgniter.php(507): CodeIgniter\CodeIgniter->runController(Object(App\Controllers\UserController))
 4 SYSTEMPATH\CodeIgniter.php(354): CodeIgniter\CodeIgniter->handleRequest(null, Object(Config\Cache), false)
 5 SYSTEMPATH\Boot.php(334): CodeIgniter\CodeIgniter->run()
 6 SYSTEMPATH\Boot.php(67): CodeIgniter\Boot::runCodeIgniter(Object(CodeIgniter\CodeIgniter))
 7 FCPATH\index.php(59): CodeIgniter\Boot::bootWeb(Object(Config\Paths))
DEBUG - 2025-08-03 07:27:19 --> Session: Class initialized using 'CodeIgniter\Session\Handlers\FileHandler' driver.
WARNING - 2025-08-03 07:27:19 --> [DEPRECATED] password_verify(): Passing null to parameter #1 ($password) of type string is deprecated in APPPATH\Controllers\UserController.php on line 65.
 1 APPPATH\Controllers\UserController.php(65): password_verify(Object(SensitiveParameterValue), '$2y$10$yaW2LmfxBoUJmW9gMi9q5eRoFWvGXnbaaLgmdxjW8tAg0FIZBGJe2')
 2 SYSTEMPATH\CodeIgniter.php(933): App\Controllers\UserController->changepassword()
 3 SYSTEMPATH\CodeIgniter.php(507): CodeIgniter\CodeIgniter->runController(Object(App\Controllers\UserController))
 4 SYSTEMPATH\CodeIgniter.php(354): CodeIgniter\CodeIgniter->handleRequest(null, Object(Config\Cache), false)
 5 SYSTEMPATH\Boot.php(334): CodeIgniter\CodeIgniter->run()
 6 SYSTEMPATH\Boot.php(67): CodeIgniter\Boot::runCodeIgniter(Object(CodeIgniter\CodeIgniter))
 7 FCPATH\index.php(59): CodeIgniter\Boot::bootWeb(Object(Config\Paths))
DEBUG - 2025-08-03 07:27:19 --> Session: Class initialized using 'CodeIgniter\Session\Handlers\FileHandler' driver.
WARNING - 2025-08-03 07:27:19 --> [DEPRECATED] password_verify(): Passing null to parameter #1 ($password) of type string is deprecated in APPPATH\Controllers\UserController.php on line 65.
 1 APPPATH\Controllers\UserController.php(65): password_verify(Object(SensitiveParameterValue), '$2y$10$yaW2LmfxBoUJmW9gMi9q5eRoFWvGXnbaaLgmdxjW8tAg0FIZBGJe2')
 2 SYSTEMPATH\CodeIgniter.php(933): App\Controllers\UserController->changepassword()
 3 SYSTEMPATH\CodeIgniter.php(507): CodeIgniter\CodeIgniter->runController(Object(App\Controllers\UserController))
 4 SYSTEMPATH\CodeIgniter.php(354): CodeIgniter\CodeIgniter->handleRequest(null, Object(Config\Cache), false)
 5 SYSTEMPATH\Boot.php(334): CodeIgniter\CodeIgniter->run()
 6 SYSTEMPATH\Boot.php(67): CodeIgniter\Boot::runCodeIgniter(Object(CodeIgniter\CodeIgniter))
 7 FCPATH\index.php(59): CodeIgniter\Boot::bootWeb(Object(Config\Paths))
DEBUG - 2025-08-03 07:27:19 --> Session: Class initialized using 'CodeIgniter\Session\Handlers\FileHandler' driver.
WARNING - 2025-08-03 07:27:19 --> [DEPRECATED] password_verify(): Passing null to parameter #1 ($password) of type string is deprecated in APPPATH\Controllers\UserController.php on line 65.
 1 APPPATH\Controllers\UserController.php(65): password_verify(Object(SensitiveParameterValue), '$2y$10$yaW2LmfxBoUJmW9gMi9q5eRoFWvGXnbaaLgmdxjW8tAg0FIZBGJe2')
 2 SYSTEMPATH\CodeIgniter.php(933): App\Controllers\UserController->changepassword()
 3 SYSTEMPATH\CodeIgniter.php(507): CodeIgniter\CodeIgniter->runController(Object(App\Controllers\UserController))
 4 SYSTEMPATH\CodeIgniter.php(354): CodeIgniter\CodeIgniter->handleRequest(null, Object(Config\Cache), false)
 5 SYSTEMPATH\Boot.php(334): CodeIgniter\CodeIgniter->run()
 6 SYSTEMPATH\Boot.php(67): CodeIgniter\Boot::runCodeIgniter(Object(CodeIgniter\CodeIgniter))
 7 FCPATH\index.php(59): CodeIgniter\Boot::bootWeb(Object(Config\Paths))
DEBUG - 2025-08-03 07:27:19 --> Session: Class initialized using 'CodeIgniter\Session\Handlers\FileHandler' driver.
WARNING - 2025-08-03 07:27:19 --> [DEPRECATED] password_verify(): Passing null to parameter #1 ($password) of type string is deprecated in APPPATH\Controllers\UserController.php on line 65.
 1 APPPATH\Controllers\UserController.php(65): password_verify(Object(SensitiveParameterValue), '$2y$10$yaW2LmfxBoUJmW9gMi9q5eRoFWvGXnbaaLgmdxjW8tAg0FIZBGJe2')
 2 SYSTEMPATH\CodeIgniter.php(933): App\Controllers\UserController->changepassword()
 3 SYSTEMPATH\CodeIgniter.php(507): CodeIgniter\CodeIgniter->runController(Object(App\Controllers\UserController))
 4 SYSTEMPATH\CodeIgniter.php(354): CodeIgniter\CodeIgniter->handleRequest(null, Object(Config\Cache), false)
 5 SYSTEMPATH\Boot.php(334): CodeIgniter\CodeIgniter->run()
 6 SYSTEMPATH\Boot.php(67): CodeIgniter\Boot::runCodeIgniter(Object(CodeIgniter\CodeIgniter))
 7 FCPATH\index.php(59): CodeIgniter\Boot::bootWeb(Object(Config\Paths))
DEBUG - 2025-08-03 07:27:19 --> Session: Class initialized using 'CodeIgniter\Session\Handlers\FileHandler' driver.
WARNING - 2025-08-03 07:27:19 --> [DEPRECATED] password_verify(): Passing null to parameter #1 ($password) of type string is deprecated in APPPATH\Controllers\UserController.php on line 65.
 1 APPPATH\Controllers\UserController.php(65): password_verify(Object(SensitiveParameterValue), '$2y$10$yaW2LmfxBoUJmW9gMi9q5eRoFWvGXnbaaLgmdxjW8tAg0FIZBGJe2')
 2 SYSTEMPATH\CodeIgniter.php(933): App\Controllers\UserController->changepassword()
 3 SYSTEMPATH\CodeIgniter.php(507): CodeIgniter\CodeIgniter->runController(Object(App\Controllers\UserController))
 4 SYSTEMPATH\CodeIgniter.php(354): CodeIgniter\CodeIgniter->handleRequest(null, Object(Config\Cache), false)
 5 SYSTEMPATH\Boot.php(334): CodeIgniter\CodeIgniter->run()
 6 SYSTEMPATH\Boot.php(67): CodeIgniter\Boot::runCodeIgniter(Object(CodeIgniter\CodeIgniter))
 7 FCPATH\index.php(59): CodeIgniter\Boot::bootWeb(Object(Config\Paths))
DEBUG - 2025-08-03 07:27:20 --> Session: Class initialized using 'CodeIgniter\Session\Handlers\FileHandler' driver.
WARNING - 2025-08-03 07:27:20 --> [DEPRECATED] password_verify(): Passing null to parameter #1 ($password) of type string is deprecated in APPPATH\Controllers\UserController.php on line 65.
 1 APPPATH\Controllers\UserController.php(65): password_verify(Object(SensitiveParameterValue), '$2y$10$yaW2LmfxBoUJmW9gMi9q5eRoFWvGXnbaaLgmdxjW8tAg0FIZBGJe2')
 2 SYSTEMPATH\CodeIgniter.php(933): App\Controllers\UserController->changepassword()
 3 SYSTEMPATH\CodeIgniter.php(507): CodeIgniter\CodeIgniter->runController(Object(App\Controllers\UserController))
 4 SYSTEMPATH\CodeIgniter.php(354): CodeIgniter\CodeIgniter->handleRequest(null, Object(Config\Cache), false)
 5 SYSTEMPATH\Boot.php(334): CodeIgniter\CodeIgniter->run()
 6 SYSTEMPATH\Boot.php(67): CodeIgniter\Boot::runCodeIgniter(Object(CodeIgniter\CodeIgniter))
 7 FCPATH\index.php(59): CodeIgniter\Boot::bootWeb(Object(Config\Paths))
DEBUG - 2025-08-03 07:27:20 --> Session: Class initialized using 'CodeIgniter\Session\Handlers\FileHandler' driver.
WARNING - 2025-08-03 07:27:20 --> [DEPRECATED] password_verify(): Passing null to parameter #1 ($password) of type string is deprecated in APPPATH\Controllers\UserController.php on line 65.
 1 APPPATH\Controllers\UserController.php(65): password_verify(Object(SensitiveParameterValue), '$2y$10$yaW2LmfxBoUJmW9gMi9q5eRoFWvGXnbaaLgmdxjW8tAg0FIZBGJe2')
 2 SYSTEMPATH\CodeIgniter.php(933): App\Controllers\UserController->changepassword()
 3 SYSTEMPATH\CodeIgniter.php(507): CodeIgniter\CodeIgniter->runController(Object(App\Controllers\UserController))
 4 SYSTEMPATH\CodeIgniter.php(354): CodeIgniter\CodeIgniter->handleRequest(null, Object(Config\Cache), false)
 5 SYSTEMPATH\Boot.php(334): CodeIgniter\CodeIgniter->run()
 6 SYSTEMPATH\Boot.php(67): CodeIgniter\Boot::runCodeIgniter(Object(CodeIgniter\CodeIgniter))
 7 FCPATH\index.php(59): CodeIgniter\Boot::bootWeb(Object(Config\Paths))
DEBUG - 2025-08-03 07:27:20 --> Session: Class initialized using 'CodeIgniter\Session\Handlers\FileHandler' driver.
WARNING - 2025-08-03 07:27:20 --> [DEPRECATED] password_verify(): Passing null to parameter #1 ($password) of type string is deprecated in APPPATH\Controllers\UserController.php on line 65.
 1 APPPATH\Controllers\UserController.php(65): password_verify(Object(SensitiveParameterValue), '$2y$10$yaW2LmfxBoUJmW9gMi9q5eRoFWvGXnbaaLgmdxjW8tAg0FIZBGJe2')
 2 SYSTEMPATH\CodeIgniter.php(933): App\Controllers\UserController->changepassword()
 3 SYSTEMPATH\CodeIgniter.php(507): CodeIgniter\CodeIgniter->runController(Object(App\Controllers\UserController))
 4 SYSTEMPATH\CodeIgniter.php(354): CodeIgniter\CodeIgniter->handleRequest(null, Object(Config\Cache), false)
 5 SYSTEMPATH\Boot.php(334): CodeIgniter\CodeIgniter->run()
 6 SYSTEMPATH\Boot.php(67): CodeIgniter\Boot::runCodeIgniter(Object(CodeIgniter\CodeIgniter))
 7 FCPATH\index.php(59): CodeIgniter\Boot::bootWeb(Object(Config\Paths))
DEBUG - 2025-08-03 07:27:20 --> Session: Class initialized using 'CodeIgniter\Session\Handlers\FileHandler' driver.
WARNING - 2025-08-03 07:27:20 --> [DEPRECATED] password_verify(): Passing null to parameter #1 ($password) of type string is deprecated in APPPATH\Controllers\UserController.php on line 65.
 1 APPPATH\Controllers\UserController.php(65): password_verify(Object(SensitiveParameterValue), '$2y$10$yaW2LmfxBoUJmW9gMi9q5eRoFWvGXnbaaLgmdxjW8tAg0FIZBGJe2')
 2 SYSTEMPATH\CodeIgniter.php(933): App\Controllers\UserController->changepassword()
 3 SYSTEMPATH\CodeIgniter.php(507): CodeIgniter\CodeIgniter->runController(Object(App\Controllers\UserController))
 4 SYSTEMPATH\CodeIgniter.php(354): CodeIgniter\CodeIgniter->handleRequest(null, Object(Config\Cache), false)
 5 SYSTEMPATH\Boot.php(334): CodeIgniter\CodeIgniter->run()
 6 SYSTEMPATH\Boot.php(67): CodeIgniter\Boot::runCodeIgniter(Object(CodeIgniter\CodeIgniter))
 7 FCPATH\index.php(59): CodeIgniter\Boot::bootWeb(Object(Config\Paths))
DEBUG - 2025-08-03 07:27:20 --> Session: Class initialized using 'CodeIgniter\Session\Handlers\FileHandler' driver.
WARNING - 2025-08-03 07:27:20 --> [DEPRECATED] password_verify(): Passing null to parameter #1 ($password) of type string is deprecated in APPPATH\Controllers\UserController.php on line 65.
 1 APPPATH\Controllers\UserController.php(65): password_verify(Object(SensitiveParameterValue), '$2y$10$yaW2LmfxBoUJmW9gMi9q5eRoFWvGXnbaaLgmdxjW8tAg0FIZBGJe2')
 2 SYSTEMPATH\CodeIgniter.php(933): App\Controllers\UserController->changepassword()
 3 SYSTEMPATH\CodeIgniter.php(507): CodeIgniter\CodeIgniter->runController(Object(App\Controllers\UserController))
 4 SYSTEMPATH\CodeIgniter.php(354): CodeIgniter\CodeIgniter->handleRequest(null, Object(Config\Cache), false)
 5 SYSTEMPATH\Boot.php(334): CodeIgniter\CodeIgniter->run()
 6 SYSTEMPATH\Boot.php(67): CodeIgniter\Boot::runCodeIgniter(Object(CodeIgniter\CodeIgniter))
 7 FCPATH\index.php(59): CodeIgniter\Boot::bootWeb(Object(Config\Paths))
DEBUG - 2025-08-03 07:27:20 --> Session: Class initialized using 'CodeIgniter\Session\Handlers\FileHandler' driver.
WARNING - 2025-08-03 07:27:20 --> [DEPRECATED] password_verify(): Passing null to parameter #1 ($password) of type string is deprecated in APPPATH\Controllers\UserController.php on line 65.
 1 APPPATH\Controllers\UserController.php(65): password_verify(Object(SensitiveParameterValue), '$2y$10$yaW2LmfxBoUJmW9gMi9q5eRoFWvGXnbaaLgmdxjW8tAg0FIZBGJe2')
 2 SYSTEMPATH\CodeIgniter.php(933): App\Controllers\UserController->changepassword()
 3 SYSTEMPATH\CodeIgniter.php(507): CodeIgniter\CodeIgniter->runController(Object(App\Controllers\UserController))
 4 SYSTEMPATH\CodeIgniter.php(354): CodeIgniter\CodeIgniter->handleRequest(null, Object(Config\Cache), false)
 5 SYSTEMPATH\Boot.php(334): CodeIgniter\CodeIgniter->run()
 6 SYSTEMPATH\Boot.php(67): CodeIgniter\Boot::runCodeIgniter(Object(CodeIgniter\CodeIgniter))
 7 FCPATH\index.php(59): CodeIgniter\Boot::bootWeb(Object(Config\Paths))
DEBUG - 2025-08-03 07:27:20 --> Session: Class initialized using 'CodeIgniter\Session\Handlers\FileHandler' driver.
WARNING - 2025-08-03 07:27:20 --> [DEPRECATED] password_verify(): Passing null to parameter #1 ($password) of type string is deprecated in APPPATH\Controllers\UserController.php on line 65.
 1 APPPATH\Controllers\UserController.php(65): password_verify(Object(SensitiveParameterValue), '$2y$10$yaW2LmfxBoUJmW9gMi9q5eRoFWvGXnbaaLgmdxjW8tAg0FIZBGJe2')
 2 SYSTEMPATH\CodeIgniter.php(933): App\Controllers\UserController->changepassword()
 3 SYSTEMPATH\CodeIgniter.php(507): CodeIgniter\CodeIgniter->runController(Object(App\Controllers\UserController))
 4 SYSTEMPATH\CodeIgniter.php(354): CodeIgniter\CodeIgniter->handleRequest(null, Object(Config\Cache), false)
 5 SYSTEMPATH\Boot.php(334): CodeIgniter\CodeIgniter->run()
 6 SYSTEMPATH\Boot.php(67): CodeIgniter\Boot::runCodeIgniter(Object(CodeIgniter\CodeIgniter))
 7 FCPATH\index.php(59): CodeIgniter\Boot::bootWeb(Object(Config\Paths))
DEBUG - 2025-08-03 07:27:21 --> Session: Class initialized using 'CodeIgniter\Session\Handlers\FileHandler' driver.
WARNING - 2025-08-03 07:27:21 --> [DEPRECATED] password_verify(): Passing null to parameter #1 ($password) of type string is deprecated in APPPATH\Controllers\UserController.php on line 65.
 1 APPPATH\Controllers\UserController.php(65): password_verify(Object(SensitiveParameterValue), '$2y$10$yaW2LmfxBoUJmW9gMi9q5eRoFWvGXnbaaLgmdxjW8tAg0FIZBGJe2')
 2 SYSTEMPATH\CodeIgniter.php(933): App\Controllers\UserController->changepassword()
 3 SYSTEMPATH\CodeIgniter.php(507): CodeIgniter\CodeIgniter->runController(Object(App\Controllers\UserController))
 4 SYSTEMPATH\CodeIgniter.php(354): CodeIgniter\CodeIgniter->handleRequest(null, Object(Config\Cache), false)
 5 SYSTEMPATH\Boot.php(334): CodeIgniter\CodeIgniter->run()
 6 SYSTEMPATH\Boot.php(67): CodeIgniter\Boot::runCodeIgniter(Object(CodeIgniter\CodeIgniter))
 7 FCPATH\index.php(59): CodeIgniter\Boot::bootWeb(Object(Config\Paths))
DEBUG - 2025-08-03 07:27:21 --> Session: Class initialized using 'CodeIgniter\Session\Handlers\FileHandler' driver.
WARNING - 2025-08-03 07:27:21 --> [DEPRECATED] password_verify(): Passing null to parameter #1 ($password) of type string is deprecated in APPPATH\Controllers\UserController.php on line 65.
 1 APPPATH\Controllers\UserController.php(65): password_verify(Object(SensitiveParameterValue), '$2y$10$yaW2LmfxBoUJmW9gMi9q5eRoFWvGXnbaaLgmdxjW8tAg0FIZBGJe2')
 2 SYSTEMPATH\CodeIgniter.php(933): App\Controllers\UserController->changepassword()
 3 SYSTEMPATH\CodeIgniter.php(507): CodeIgniter\CodeIgniter->runController(Object(App\Controllers\UserController))
 4 SYSTEMPATH\CodeIgniter.php(354): CodeIgniter\CodeIgniter->handleRequest(null, Object(Config\Cache), false)
 5 SYSTEMPATH\Boot.php(334): CodeIgniter\CodeIgniter->run()
 6 SYSTEMPATH\Boot.php(67): CodeIgniter\Boot::runCodeIgniter(Object(CodeIgniter\CodeIgniter))
 7 FCPATH\index.php(59): CodeIgniter\Boot::bootWeb(Object(Config\Paths))
DEBUG - 2025-08-03 07:27:21 --> Session: Class initialized using 'CodeIgniter\Session\Handlers\FileHandler' driver.
WARNING - 2025-08-03 07:27:21 --> [DEPRECATED] password_verify(): Passing null to parameter #1 ($password) of type string is deprecated in APPPATH\Controllers\UserController.php on line 65.
 1 APPPATH\Controllers\UserController.php(65): password_verify(Object(SensitiveParameterValue), '$2y$10$yaW2LmfxBoUJmW9gMi9q5eRoFWvGXnbaaLgmdxjW8tAg0FIZBGJe2')
 2 SYSTEMPATH\CodeIgniter.php(933): App\Controllers\UserController->changepassword()
 3 SYSTEMPATH\CodeIgniter.php(507): CodeIgniter\CodeIgniter->runController(Object(App\Controllers\UserController))
 4 SYSTEMPATH\CodeIgniter.php(354): CodeIgniter\CodeIgniter->handleRequest(null, Object(Config\Cache), false)
 5 SYSTEMPATH\Boot.php(334): CodeIgniter\CodeIgniter->run()
 6 SYSTEMPATH\Boot.php(67): CodeIgniter\Boot::runCodeIgniter(Object(CodeIgniter\CodeIgniter))
 7 FCPATH\index.php(59): CodeIgniter\Boot::bootWeb(Object(Config\Paths))
DEBUG - 2025-08-03 07:27:21 --> Session: Class initialized using 'CodeIgniter\Session\Handlers\FileHandler' driver.
WARNING - 2025-08-03 07:27:21 --> [DEPRECATED] password_verify(): Passing null to parameter #1 ($password) of type string is deprecated in APPPATH\Controllers\UserController.php on line 65.
 1 APPPATH\Controllers\UserController.php(65): password_verify(Object(SensitiveParameterValue), '$2y$10$yaW2LmfxBoUJmW9gMi9q5eRoFWvGXnbaaLgmdxjW8tAg0FIZBGJe2')
 2 SYSTEMPATH\CodeIgniter.php(933): App\Controllers\UserController->changepassword()
 3 SYSTEMPATH\CodeIgniter.php(507): CodeIgniter\CodeIgniter->runController(Object(App\Controllers\UserController))
 4 SYSTEMPATH\CodeIgniter.php(354): CodeIgniter\CodeIgniter->handleRequest(null, Object(Config\Cache), false)
 5 SYSTEMPATH\Boot.php(334): CodeIgniter\CodeIgniter->run()
 6 SYSTEMPATH\Boot.php(67): CodeIgniter\Boot::runCodeIgniter(Object(CodeIgniter\CodeIgniter))
 7 FCPATH\index.php(59): CodeIgniter\Boot::bootWeb(Object(Config\Paths))
DEBUG - 2025-08-03 07:27:21 --> Session: Class initialized using 'CodeIgniter\Session\Handlers\FileHandler' driver.
WARNING - 2025-08-03 07:27:21 --> [DEPRECATED] password_verify(): Passing null to parameter #1 ($password) of type string is deprecated in APPPATH\Controllers\UserController.php on line 65.
 1 APPPATH\Controllers\UserController.php(65): password_verify(Object(SensitiveParameterValue), '$2y$10$yaW2LmfxBoUJmW9gMi9q5eRoFWvGXnbaaLgmdxjW8tAg0FIZBGJe2')
 2 SYSTEMPATH\CodeIgniter.php(933): App\Controllers\UserController->changepassword()
 3 SYSTEMPATH\CodeIgniter.php(507): CodeIgniter\CodeIgniter->runController(Object(App\Controllers\UserController))
 4 SYSTEMPATH\CodeIgniter.php(354): CodeIgniter\CodeIgniter->handleRequest(null, Object(Config\Cache), false)
 5 SYSTEMPATH\Boot.php(334): CodeIgniter\CodeIgniter->run()
 6 SYSTEMPATH\Boot.php(67): CodeIgniter\Boot::runCodeIgniter(Object(CodeIgniter\CodeIgniter))
 7 FCPATH\index.php(59): CodeIgniter\Boot::bootWeb(Object(Config\Paths))
DEBUG - 2025-08-03 07:27:21 --> Session: Class initialized using 'CodeIgniter\Session\Handlers\FileHandler' driver.
WARNING - 2025-08-03 07:27:21 --> [DEPRECATED] password_verify(): Passing null to parameter #1 ($password) of type string is deprecated in APPPATH\Controllers\UserController.php on line 65.
 1 APPPATH\Controllers\UserController.php(65): password_verify(Object(SensitiveParameterValue), '$2y$10$yaW2LmfxBoUJmW9gMi9q5eRoFWvGXnbaaLgmdxjW8tAg0FIZBGJe2')
 2 SYSTEMPATH\CodeIgniter.php(933): App\Controllers\UserController->changepassword()
 3 SYSTEMPATH\CodeIgniter.php(507): CodeIgniter\CodeIgniter->runController(Object(App\Controllers\UserController))
 4 SYSTEMPATH\CodeIgniter.php(354): CodeIgniter\CodeIgniter->handleRequest(null, Object(Config\Cache), false)
 5 SYSTEMPATH\Boot.php(334): CodeIgniter\CodeIgniter->run()
 6 SYSTEMPATH\Boot.php(67): CodeIgniter\Boot::runCodeIgniter(Object(CodeIgniter\CodeIgniter))
 7 FCPATH\index.php(59): CodeIgniter\Boot::bootWeb(Object(Config\Paths))
DEBUG - 2025-08-03 07:27:22 --> Session: Class initialized using 'CodeIgniter\Session\Handlers\FileHandler' driver.
WARNING - 2025-08-03 07:27:22 --> [DEPRECATED] password_verify(): Passing null to parameter #1 ($password) of type string is deprecated in APPPATH\Controllers\UserController.php on line 65.
 1 APPPATH\Controllers\UserController.php(65): password_verify(Object(SensitiveParameterValue), '$2y$10$yaW2LmfxBoUJmW9gMi9q5eRoFWvGXnbaaLgmdxjW8tAg0FIZBGJe2')
 2 SYSTEMPATH\CodeIgniter.php(933): App\Controllers\UserController->changepassword()
 3 SYSTEMPATH\CodeIgniter.php(507): CodeIgniter\CodeIgniter->runController(Object(App\Controllers\UserController))
 4 SYSTEMPATH\CodeIgniter.php(354): CodeIgniter\CodeIgniter->handleRequest(null, Object(Config\Cache), false)
 5 SYSTEMPATH\Boot.php(334): CodeIgniter\CodeIgniter->run()
 6 SYSTEMPATH\Boot.php(67): CodeIgniter\Boot::runCodeIgniter(Object(CodeIgniter\CodeIgniter))
 7 FCPATH\index.php(59): CodeIgniter\Boot::bootWeb(Object(Config\Paths))
DEBUG - 2025-08-03 07:27:22 --> Session: Class initialized using 'CodeIgniter\Session\Handlers\FileHandler' driver.
WARNING - 2025-08-03 07:27:22 --> [DEPRECATED] password_verify(): Passing null to parameter #1 ($password) of type string is deprecated in APPPATH\Controllers\UserController.php on line 65.
 1 APPPATH\Controllers\UserController.php(65): password_verify(Object(SensitiveParameterValue), '$2y$10$yaW2LmfxBoUJmW9gMi9q5eRoFWvGXnbaaLgmdxjW8tAg0FIZBGJe2')
 2 SYSTEMPATH\CodeIgniter.php(933): App\Controllers\UserController->changepassword()
 3 SYSTEMPATH\CodeIgniter.php(507): CodeIgniter\CodeIgniter->runController(Object(App\Controllers\UserController))
 4 SYSTEMPATH\CodeIgniter.php(354): CodeIgniter\CodeIgniter->handleRequest(null, Object(Config\Cache), false)
 5 SYSTEMPATH\Boot.php(334): CodeIgniter\CodeIgniter->run()
 6 SYSTEMPATH\Boot.php(67): CodeIgniter\Boot::runCodeIgniter(Object(CodeIgniter\CodeIgniter))
 7 FCPATH\index.php(59): CodeIgniter\Boot::bootWeb(Object(Config\Paths))
DEBUG - 2025-08-03 07:27:22 --> Session: Class initialized using 'CodeIgniter\Session\Handlers\FileHandler' driver.
WARNING - 2025-08-03 07:27:22 --> [DEPRECATED] password_verify(): Passing null to parameter #1 ($password) of type string is deprecated in APPPATH\Controllers\UserController.php on line 65.
 1 APPPATH\Controllers\UserController.php(65): password_verify(Object(SensitiveParameterValue), '$2y$10$yaW2LmfxBoUJmW9gMi9q5eRoFWvGXnbaaLgmdxjW8tAg0FIZBGJe2')
 2 SYSTEMPATH\CodeIgniter.php(933): App\Controllers\UserController->changepassword()
 3 SYSTEMPATH\CodeIgniter.php(507): CodeIgniter\CodeIgniter->runController(Object(App\Controllers\UserController))
 4 SYSTEMPATH\CodeIgniter.php(354): CodeIgniter\CodeIgniter->handleRequest(null, Object(Config\Cache), false)
 5 SYSTEMPATH\Boot.php(334): CodeIgniter\CodeIgniter->run()
 6 SYSTEMPATH\Boot.php(67): CodeIgniter\Boot::runCodeIgniter(Object(CodeIgniter\CodeIgniter))
 7 FCPATH\index.php(59): CodeIgniter\Boot::bootWeb(Object(Config\Paths))
DEBUG - 2025-08-03 07:27:22 --> Session: Class initialized using 'CodeIgniter\Session\Handlers\FileHandler' driver.
WARNING - 2025-08-03 07:27:22 --> [DEPRECATED] password_verify(): Passing null to parameter #1 ($password) of type string is deprecated in APPPATH\Controllers\UserController.php on line 65.
 1 APPPATH\Controllers\UserController.php(65): password_verify(Object(SensitiveParameterValue), '$2y$10$yaW2LmfxBoUJmW9gMi9q5eRoFWvGXnbaaLgmdxjW8tAg0FIZBGJe2')
 2 SYSTEMPATH\CodeIgniter.php(933): App\Controllers\UserController->changepassword()
 3 SYSTEMPATH\CodeIgniter.php(507): CodeIgniter\CodeIgniter->runController(Object(App\Controllers\UserController))
 4 SYSTEMPATH\CodeIgniter.php(354): CodeIgniter\CodeIgniter->handleRequest(null, Object(Config\Cache), false)
 5 SYSTEMPATH\Boot.php(334): CodeIgniter\CodeIgniter->run()
 6 SYSTEMPATH\Boot.php(67): CodeIgniter\Boot::runCodeIgniter(Object(CodeIgniter\CodeIgniter))
 7 FCPATH\index.php(59): CodeIgniter\Boot::bootWeb(Object(Config\Paths))
DEBUG - 2025-08-03 07:27:22 --> Session: Class initialized using 'CodeIgniter\Session\Handlers\FileHandler' driver.
WARNING - 2025-08-03 07:27:22 --> [DEPRECATED] password_verify(): Passing null to parameter #1 ($password) of type string is deprecated in APPPATH\Controllers\UserController.php on line 65.
 1 APPPATH\Controllers\UserController.php(65): password_verify(Object(SensitiveParameterValue), '$2y$10$yaW2LmfxBoUJmW9gMi9q5eRoFWvGXnbaaLgmdxjW8tAg0FIZBGJe2')
 2 SYSTEMPATH\CodeIgniter.php(933): App\Controllers\UserController->changepassword()
 3 SYSTEMPATH\CodeIgniter.php(507): CodeIgniter\CodeIgniter->runController(Object(App\Controllers\UserController))
 4 SYSTEMPATH\CodeIgniter.php(354): CodeIgniter\CodeIgniter->handleRequest(null, Object(Config\Cache), false)
 5 SYSTEMPATH\Boot.php(334): CodeIgniter\CodeIgniter->run()
 6 SYSTEMPATH\Boot.php(67): CodeIgniter\Boot::runCodeIgniter(Object(CodeIgniter\CodeIgniter))
 7 FCPATH\index.php(59): CodeIgniter\Boot::bootWeb(Object(Config\Paths))
DEBUG - 2025-08-03 07:27:22 --> Session: Class initialized using 'CodeIgniter\Session\Handlers\FileHandler' driver.
WARNING - 2025-08-03 07:27:22 --> [DEPRECATED] password_verify(): Passing null to parameter #1 ($password) of type string is deprecated in APPPATH\Controllers\UserController.php on line 65.
 1 APPPATH\Controllers\UserController.php(65): password_verify(Object(SensitiveParameterValue), '$2y$10$yaW2LmfxBoUJmW9gMi9q5eRoFWvGXnbaaLgmdxjW8tAg0FIZBGJe2')
 2 SYSTEMPATH\CodeIgniter.php(933): App\Controllers\UserController->changepassword()
 3 SYSTEMPATH\CodeIgniter.php(507): CodeIgniter\CodeIgniter->runController(Object(App\Controllers\UserController))
 4 SYSTEMPATH\CodeIgniter.php(354): CodeIgniter\CodeIgniter->handleRequest(null, Object(Config\Cache), false)
 5 SYSTEMPATH\Boot.php(334): CodeIgniter\CodeIgniter->run()
 6 SYSTEMPATH\Boot.php(67): CodeIgniter\Boot::runCodeIgniter(Object(CodeIgniter\CodeIgniter))
 7 FCPATH\index.php(59): CodeIgniter\Boot::bootWeb(Object(Config\Paths))
DEBUG - 2025-08-03 07:27:22 --> Session: Class initialized using 'CodeIgniter\Session\Handlers\FileHandler' driver.
WARNING - 2025-08-03 07:27:22 --> [DEPRECATED] password_verify(): Passing null to parameter #1 ($password) of type string is deprecated in APPPATH\Controllers\UserController.php on line 65.
 1 APPPATH\Controllers\UserController.php(65): password_verify(Object(SensitiveParameterValue), '$2y$10$yaW2LmfxBoUJmW9gMi9q5eRoFWvGXnbaaLgmdxjW8tAg0FIZBGJe2')
 2 SYSTEMPATH\CodeIgniter.php(933): App\Controllers\UserController->changepassword()
 3 SYSTEMPATH\CodeIgniter.php(507): CodeIgniter\CodeIgniter->runController(Object(App\Controllers\UserController))
 4 SYSTEMPATH\CodeIgniter.php(354): CodeIgniter\CodeIgniter->handleRequest(null, Object(Config\Cache), false)
 5 SYSTEMPATH\Boot.php(334): CodeIgniter\CodeIgniter->run()
 6 SYSTEMPATH\Boot.php(67): CodeIgniter\Boot::runCodeIgniter(Object(CodeIgniter\CodeIgniter))
 7 FCPATH\index.php(59): CodeIgniter\Boot::bootWeb(Object(Config\Paths))
DEBUG - 2025-08-03 07:27:23 --> Session: Class initialized using 'CodeIgniter\Session\Handlers\FileHandler' driver.
WARNING - 2025-08-03 07:27:23 --> [DEPRECATED] password_verify(): Passing null to parameter #1 ($password) of type string is deprecated in APPPATH\Controllers\UserController.php on line 65.
 1 APPPATH\Controllers\UserController.php(65): password_verify(Object(SensitiveParameterValue), '$2y$10$yaW2LmfxBoUJmW9gMi9q5eRoFWvGXnbaaLgmdxjW8tAg0FIZBGJe2')
 2 SYSTEMPATH\CodeIgniter.php(933): App\Controllers\UserController->changepassword()
 3 SYSTEMPATH\CodeIgniter.php(507): CodeIgniter\CodeIgniter->runController(Object(App\Controllers\UserController))
 4 SYSTEMPATH\CodeIgniter.php(354): CodeIgniter\CodeIgniter->handleRequest(null, Object(Config\Cache), false)
 5 SYSTEMPATH\Boot.php(334): CodeIgniter\CodeIgniter->run()
 6 SYSTEMPATH\Boot.php(67): CodeIgniter\Boot::runCodeIgniter(Object(CodeIgniter\CodeIgniter))
 7 FCPATH\index.php(59): CodeIgniter\Boot::bootWeb(Object(Config\Paths))
DEBUG - 2025-08-03 07:27:23 --> Session: Class initialized using 'CodeIgniter\Session\Handlers\FileHandler' driver.
WARNING - 2025-08-03 07:27:23 --> [DEPRECATED] password_verify(): Passing null to parameter #1 ($password) of type string is deprecated in APPPATH\Controllers\UserController.php on line 65.
 1 APPPATH\Controllers\UserController.php(65): password_verify(Object(SensitiveParameterValue), '$2y$10$yaW2LmfxBoUJmW9gMi9q5eRoFWvGXnbaaLgmdxjW8tAg0FIZBGJe2')
 2 SYSTEMPATH\CodeIgniter.php(933): App\Controllers\UserController->changepassword()
 3 SYSTEMPATH\CodeIgniter.php(507): CodeIgniter\CodeIgniter->runController(Object(App\Controllers\UserController))
 4 SYSTEMPATH\CodeIgniter.php(354): CodeIgniter\CodeIgniter->handleRequest(null, Object(Config\Cache), false)
 5 SYSTEMPATH\Boot.php(334): CodeIgniter\CodeIgniter->run()
 6 SYSTEMPATH\Boot.php(67): CodeIgniter\Boot::runCodeIgniter(Object(CodeIgniter\CodeIgniter))
 7 FCPATH\index.php(59): CodeIgniter\Boot::bootWeb(Object(Config\Paths))
DEBUG - 2025-08-03 07:27:23 --> Session: Class initialized using 'CodeIgniter\Session\Handlers\FileHandler' driver.
WARNING - 2025-08-03 07:27:23 --> [DEPRECATED] password_verify(): Passing null to parameter #1 ($password) of type string is deprecated in APPPATH\Controllers\UserController.php on line 65.
 1 APPPATH\Controllers\UserController.php(65): password_verify(Object(SensitiveParameterValue), '$2y$10$yaW2LmfxBoUJmW9gMi9q5eRoFWvGXnbaaLgmdxjW8tAg0FIZBGJe2')
 2 SYSTEMPATH\CodeIgniter.php(933): App\Controllers\UserController->changepassword()
 3 SYSTEMPATH\CodeIgniter.php(507): CodeIgniter\CodeIgniter->runController(Object(App\Controllers\UserController))
 4 SYSTEMPATH\CodeIgniter.php(354): CodeIgniter\CodeIgniter->handleRequest(null, Object(Config\Cache), false)
 5 SYSTEMPATH\Boot.php(334): CodeIgniter\CodeIgniter->run()
 6 SYSTEMPATH\Boot.php(67): CodeIgniter\Boot::runCodeIgniter(Object(CodeIgniter\CodeIgniter))
 7 FCPATH\index.php(59): CodeIgniter\Boot::bootWeb(Object(Config\Paths))
DEBUG - 2025-08-03 07:27:23 --> Session: Class initialized using 'CodeIgniter\Session\Handlers\FileHandler' driver.
WARNING - 2025-08-03 07:27:23 --> [DEPRECATED] password_verify(): Passing null to parameter #1 ($password) of type string is deprecated in APPPATH\Controllers\UserController.php on line 65.
 1 APPPATH\Controllers\UserController.php(65): password_verify(Object(SensitiveParameterValue), '$2y$10$yaW2LmfxBoUJmW9gMi9q5eRoFWvGXnbaaLgmdxjW8tAg0FIZBGJe2')
 2 SYSTEMPATH\CodeIgniter.php(933): App\Controllers\UserController->changepassword()
 3 SYSTEMPATH\CodeIgniter.php(507): CodeIgniter\CodeIgniter->runController(Object(App\Controllers\UserController))
 4 SYSTEMPATH\CodeIgniter.php(354): CodeIgniter\CodeIgniter->handleRequest(null, Object(Config\Cache), false)
 5 SYSTEMPATH\Boot.php(334): CodeIgniter\CodeIgniter->run()
 6 SYSTEMPATH\Boot.php(67): CodeIgniter\Boot::runCodeIgniter(Object(CodeIgniter\CodeIgniter))
 7 FCPATH\index.php(59): CodeIgniter\Boot::bootWeb(Object(Config\Paths))
DEBUG - 2025-08-03 07:27:23 --> Session: Class initialized using 'CodeIgniter\Session\Handlers\FileHandler' driver.
WARNING - 2025-08-03 07:27:23 --> [DEPRECATED] password_verify(): Passing null to parameter #1 ($password) of type string is deprecated in APPPATH\Controllers\UserController.php on line 65.
 1 APPPATH\Controllers\UserController.php(65): password_verify(Object(SensitiveParameterValue), '$2y$10$yaW2LmfxBoUJmW9gMi9q5eRoFWvGXnbaaLgmdxjW8tAg0FIZBGJe2')
 2 SYSTEMPATH\CodeIgniter.php(933): App\Controllers\UserController->changepassword()
 3 SYSTEMPATH\CodeIgniter.php(507): CodeIgniter\CodeIgniter->runController(Object(App\Controllers\UserController))
 4 SYSTEMPATH\CodeIgniter.php(354): CodeIgniter\CodeIgniter->handleRequest(null, Object(Config\Cache), false)
 5 SYSTEMPATH\Boot.php(334): CodeIgniter\CodeIgniter->run()
 6 SYSTEMPATH\Boot.php(67): CodeIgniter\Boot::runCodeIgniter(Object(CodeIgniter\CodeIgniter))
 7 FCPATH\index.php(59): CodeIgniter\Boot::bootWeb(Object(Config\Paths))
DEBUG - 2025-08-03 07:27:25 --> Session: Class initialized using 'CodeIgniter\Session\Handlers\FileHandler' driver.
WARNING - 2025-08-03 07:27:25 --> [DEPRECATED] password_verify(): Passing null to parameter #1 ($password) of type string is deprecated in APPPATH\Controllers\UserController.php on line 65.
 1 APPPATH\Controllers\UserController.php(65): password_verify(Object(SensitiveParameterValue), '$2y$10$yaW2LmfxBoUJmW9gMi9q5eRoFWvGXnbaaLgmdxjW8tAg0FIZBGJe2')
 2 SYSTEMPATH\CodeIgniter.php(933): App\Controllers\UserController->changepassword()
 3 SYSTEMPATH\CodeIgniter.php(507): CodeIgniter\CodeIgniter->runController(Object(App\Controllers\UserController))
 4 SYSTEMPATH\CodeIgniter.php(354): CodeIgniter\CodeIgniter->handleRequest(null, Object(Config\Cache), false)
 5 SYSTEMPATH\Boot.php(334): CodeIgniter\CodeIgniter->run()
 6 SYSTEMPATH\Boot.php(67): CodeIgniter\Boot::runCodeIgniter(Object(CodeIgniter\CodeIgniter))
 7 FCPATH\index.php(59): CodeIgniter\Boot::bootWeb(Object(Config\Paths))
DEBUG - 2025-08-03 07:27:25 --> Session: Class initialized using 'CodeIgniter\Session\Handlers\FileHandler' driver.
WARNING - 2025-08-03 07:27:25 --> [DEPRECATED] password_verify(): Passing null to parameter #1 ($password) of type string is deprecated in APPPATH\Controllers\UserController.php on line 65.
 1 APPPATH\Controllers\UserController.php(65): password_verify(Object(SensitiveParameterValue), '$2y$10$yaW2LmfxBoUJmW9gMi9q5eRoFWvGXnbaaLgmdxjW8tAg0FIZBGJe2')
 2 SYSTEMPATH\CodeIgniter.php(933): App\Controllers\UserController->changepassword()
 3 SYSTEMPATH\CodeIgniter.php(507): CodeIgniter\CodeIgniter->runController(Object(App\Controllers\UserController))
 4 SYSTEMPATH\CodeIgniter.php(354): CodeIgniter\CodeIgniter->handleRequest(null, Object(Config\Cache), false)
 5 SYSTEMPATH\Boot.php(334): CodeIgniter\CodeIgniter->run()
 6 SYSTEMPATH\Boot.php(67): CodeIgniter\Boot::runCodeIgniter(Object(CodeIgniter\CodeIgniter))
 7 FCPATH\index.php(59): CodeIgniter\Boot::bootWeb(Object(Config\Paths))
DEBUG - 2025-08-03 07:27:25 --> Session: Class initialized using 'CodeIgniter\Session\Handlers\FileHandler' driver.
WARNING - 2025-08-03 07:27:25 --> [DEPRECATED] password_verify(): Passing null to parameter #1 ($password) of type string is deprecated in APPPATH\Controllers\UserController.php on line 65.
 1 APPPATH\Controllers\UserController.php(65): password_verify(Object(SensitiveParameterValue), '$2y$10$yaW2LmfxBoUJmW9gMi9q5eRoFWvGXnbaaLgmdxjW8tAg0FIZBGJe2')
 2 SYSTEMPATH\CodeIgniter.php(933): App\Controllers\UserController->changepassword()
 3 SYSTEMPATH\CodeIgniter.php(507): CodeIgniter\CodeIgniter->runController(Object(App\Controllers\UserController))
 4 SYSTEMPATH\CodeIgniter.php(354): CodeIgniter\CodeIgniter->handleRequest(null, Object(Config\Cache), false)
 5 SYSTEMPATH\Boot.php(334): CodeIgniter\CodeIgniter->run()
 6 SYSTEMPATH\Boot.php(67): CodeIgniter\Boot::runCodeIgniter(Object(CodeIgniter\CodeIgniter))
 7 FCPATH\index.php(59): CodeIgniter\Boot::bootWeb(Object(Config\Paths))
DEBUG - 2025-08-03 07:27:25 --> Session: Class initialized using 'CodeIgniter\Session\Handlers\FileHandler' driver.
WARNING - 2025-08-03 07:27:25 --> [DEPRECATED] password_verify(): Passing null to parameter #1 ($password) of type string is deprecated in APPPATH\Controllers\UserController.php on line 65.
 1 APPPATH\Controllers\UserController.php(65): password_verify(Object(SensitiveParameterValue), '$2y$10$yaW2LmfxBoUJmW9gMi9q5eRoFWvGXnbaaLgmdxjW8tAg0FIZBGJe2')
 2 SYSTEMPATH\CodeIgniter.php(933): App\Controllers\UserController->changepassword()
 3 SYSTEMPATH\CodeIgniter.php(507): CodeIgniter\CodeIgniter->runController(Object(App\Controllers\UserController))
 4 SYSTEMPATH\CodeIgniter.php(354): CodeIgniter\CodeIgniter->handleRequest(null, Object(Config\Cache), false)
 5 SYSTEMPATH\Boot.php(334): CodeIgniter\CodeIgniter->run()
 6 SYSTEMPATH\Boot.php(67): CodeIgniter\Boot::runCodeIgniter(Object(CodeIgniter\CodeIgniter))
 7 FCPATH\index.php(59): CodeIgniter\Boot::bootWeb(Object(Config\Paths))
DEBUG - 2025-08-03 07:27:25 --> Session: Class initialized using 'CodeIgniter\Session\Handlers\FileHandler' driver.
WARNING - 2025-08-03 07:27:25 --> [DEPRECATED] password_verify(): Passing null to parameter #1 ($password) of type string is deprecated in APPPATH\Controllers\UserController.php on line 65.
 1 APPPATH\Controllers\UserController.php(65): password_verify(Object(SensitiveParameterValue), '$2y$10$yaW2LmfxBoUJmW9gMi9q5eRoFWvGXnbaaLgmdxjW8tAg0FIZBGJe2')
 2 SYSTEMPATH\CodeIgniter.php(933): App\Controllers\UserController->changepassword()
 3 SYSTEMPATH\CodeIgniter.php(507): CodeIgniter\CodeIgniter->runController(Object(App\Controllers\UserController))
 4 SYSTEMPATH\CodeIgniter.php(354): CodeIgniter\CodeIgniter->handleRequest(null, Object(Config\Cache), false)
 5 SYSTEMPATH\Boot.php(334): CodeIgniter\CodeIgniter->run()
 6 SYSTEMPATH\Boot.php(67): CodeIgniter\Boot::runCodeIgniter(Object(CodeIgniter\CodeIgniter))
 7 FCPATH\index.php(59): CodeIgniter\Boot::bootWeb(Object(Config\Paths))
DEBUG - 2025-08-03 07:27:25 --> Session: Class initialized using 'CodeIgniter\Session\Handlers\FileHandler' driver.
WARNING - 2025-08-03 07:27:25 --> [DEPRECATED] password_verify(): Passing null to parameter #1 ($password) of type string is deprecated in APPPATH\Controllers\UserController.php on line 65.
 1 APPPATH\Controllers\UserController.php(65): password_verify(Object(SensitiveParameterValue), '$2y$10$yaW2LmfxBoUJmW9gMi9q5eRoFWvGXnbaaLgmdxjW8tAg0FIZBGJe2')
 2 SYSTEMPATH\CodeIgniter.php(933): App\Controllers\UserController->changepassword()
 3 SYSTEMPATH\CodeIgniter.php(507): CodeIgniter\CodeIgniter->runController(Object(App\Controllers\UserController))
 4 SYSTEMPATH\CodeIgniter.php(354): CodeIgniter\CodeIgniter->handleRequest(null, Object(Config\Cache), false)
 5 SYSTEMPATH\Boot.php(334): CodeIgniter\CodeIgniter->run()
 6 SYSTEMPATH\Boot.php(67): CodeIgniter\Boot::runCodeIgniter(Object(CodeIgniter\CodeIgniter))
 7 FCPATH\index.php(59): CodeIgniter\Boot::bootWeb(Object(Config\Paths))
DEBUG - 2025-08-03 07:27:25 --> Session: Class initialized using 'CodeIgniter\Session\Handlers\FileHandler' driver.
WARNING - 2025-08-03 07:27:25 --> [DEPRECATED] password_verify(): Passing null to parameter #1 ($password) of type string is deprecated in APPPATH\Controllers\UserController.php on line 65.
 1 APPPATH\Controllers\UserController.php(65): password_verify(Object(SensitiveParameterValue), '$2y$10$yaW2LmfxBoUJmW9gMi9q5eRoFWvGXnbaaLgmdxjW8tAg0FIZBGJe2')
 2 SYSTEMPATH\CodeIgniter.php(933): App\Controllers\UserController->changepassword()
 3 SYSTEMPATH\CodeIgniter.php(507): CodeIgniter\CodeIgniter->runController(Object(App\Controllers\UserController))
 4 SYSTEMPATH\CodeIgniter.php(354): CodeIgniter\CodeIgniter->handleRequest(null, Object(Config\Cache), false)
 5 SYSTEMPATH\Boot.php(334): CodeIgniter\CodeIgniter->run()
 6 SYSTEMPATH\Boot.php(67): CodeIgniter\Boot::runCodeIgniter(Object(CodeIgniter\CodeIgniter))
 7 FCPATH\index.php(59): CodeIgniter\Boot::bootWeb(Object(Config\Paths))
DEBUG - 2025-08-03 07:27:26 --> Session: Class initialized using 'CodeIgniter\Session\Handlers\FileHandler' driver.
WARNING - 2025-08-03 07:27:26 --> [DEPRECATED] password_verify(): Passing null to parameter #1 ($password) of type string is deprecated in APPPATH\Controllers\UserController.php on line 65.
 1 APPPATH\Controllers\UserController.php(65): password_verify(Object(SensitiveParameterValue), '$2y$10$yaW2LmfxBoUJmW9gMi9q5eRoFWvGXnbaaLgmdxjW8tAg0FIZBGJe2')
 2 SYSTEMPATH\CodeIgniter.php(933): App\Controllers\UserController->changepassword()
 3 SYSTEMPATH\CodeIgniter.php(507): CodeIgniter\CodeIgniter->runController(Object(App\Controllers\UserController))
 4 SYSTEMPATH\CodeIgniter.php(354): CodeIgniter\CodeIgniter->handleRequest(null, Object(Config\Cache), false)
 5 SYSTEMPATH\Boot.php(334): CodeIgniter\CodeIgniter->run()
 6 SYSTEMPATH\Boot.php(67): CodeIgniter\Boot::runCodeIgniter(Object(CodeIgniter\CodeIgniter))
 7 FCPATH\index.php(59): CodeIgniter\Boot::bootWeb(Object(Config\Paths))
DEBUG - 2025-08-03 07:27:26 --> Session: Class initialized using 'CodeIgniter\Session\Handlers\FileHandler' driver.
WARNING - 2025-08-03 07:27:26 --> [DEPRECATED] password_verify(): Passing null to parameter #1 ($password) of type string is deprecated in APPPATH\Controllers\UserController.php on line 65.
 1 APPPATH\Controllers\UserController.php(65): password_verify(Object(SensitiveParameterValue), '$2y$10$yaW2LmfxBoUJmW9gMi9q5eRoFWvGXnbaaLgmdxjW8tAg0FIZBGJe2')
 2 SYSTEMPATH\CodeIgniter.php(933): App\Controllers\UserController->changepassword()
 3 SYSTEMPATH\CodeIgniter.php(507): CodeIgniter\CodeIgniter->runController(Object(App\Controllers\UserController))
 4 SYSTEMPATH\CodeIgniter.php(354): CodeIgniter\CodeIgniter->handleRequest(null, Object(Config\Cache), false)
 5 SYSTEMPATH\Boot.php(334): CodeIgniter\CodeIgniter->run()
 6 SYSTEMPATH\Boot.php(67): CodeIgniter\Boot::runCodeIgniter(Object(CodeIgniter\CodeIgniter))
 7 FCPATH\index.php(59): CodeIgniter\Boot::bootWeb(Object(Config\Paths))
DEBUG - 2025-08-03 07:27:26 --> Session: Class initialized using 'CodeIgniter\Session\Handlers\FileHandler' driver.
WARNING - 2025-08-03 07:27:26 --> [DEPRECATED] password_verify(): Passing null to parameter #1 ($password) of type string is deprecated in APPPATH\Controllers\UserController.php on line 65.
 1 APPPATH\Controllers\UserController.php(65): password_verify(Object(SensitiveParameterValue), '$2y$10$yaW2LmfxBoUJmW9gMi9q5eRoFWvGXnbaaLgmdxjW8tAg0FIZBGJe2')
 2 SYSTEMPATH\CodeIgniter.php(933): App\Controllers\UserController->changepassword()
 3 SYSTEMPATH\CodeIgniter.php(507): CodeIgniter\CodeIgniter->runController(Object(App\Controllers\UserController))
 4 SYSTEMPATH\CodeIgniter.php(354): CodeIgniter\CodeIgniter->handleRequest(null, Object(Config\Cache), false)
 5 SYSTEMPATH\Boot.php(334): CodeIgniter\CodeIgniter->run()
 6 SYSTEMPATH\Boot.php(67): CodeIgniter\Boot::runCodeIgniter(Object(CodeIgniter\CodeIgniter))
 7 FCPATH\index.php(59): CodeIgniter\Boot::bootWeb(Object(Config\Paths))
DEBUG - 2025-08-03 07:27:26 --> Session: Class initialized using 'CodeIgniter\Session\Handlers\FileHandler' driver.
WARNING - 2025-08-03 07:27:26 --> [DEPRECATED] password_verify(): Passing null to parameter #1 ($password) of type string is deprecated in APPPATH\Controllers\UserController.php on line 65.
 1 APPPATH\Controllers\UserController.php(65): password_verify(Object(SensitiveParameterValue), '$2y$10$yaW2LmfxBoUJmW9gMi9q5eRoFWvGXnbaaLgmdxjW8tAg0FIZBGJe2')
 2 SYSTEMPATH\CodeIgniter.php(933): App\Controllers\UserController->changepassword()
 3 SYSTEMPATH\CodeIgniter.php(507): CodeIgniter\CodeIgniter->runController(Object(App\Controllers\UserController))
 4 SYSTEMPATH\CodeIgniter.php(354): CodeIgniter\CodeIgniter->handleRequest(null, Object(Config\Cache), false)
 5 SYSTEMPATH\Boot.php(334): CodeIgniter\CodeIgniter->run()
 6 SYSTEMPATH\Boot.php(67): CodeIgniter\Boot::runCodeIgniter(Object(CodeIgniter\CodeIgniter))
 7 FCPATH\index.php(59): CodeIgniter\Boot::bootWeb(Object(Config\Paths))
DEBUG - 2025-08-03 07:27:26 --> Session: Class initialized using 'CodeIgniter\Session\Handlers\FileHandler' driver.
WARNING - 2025-08-03 07:27:26 --> [DEPRECATED] password_verify(): Passing null to parameter #1 ($password) of type string is deprecated in APPPATH\Controllers\UserController.php on line 65.
 1 APPPATH\Controllers\UserController.php(65): password_verify(Object(SensitiveParameterValue), '$2y$10$yaW2LmfxBoUJmW9gMi9q5eRoFWvGXnbaaLgmdxjW8tAg0FIZBGJe2')
 2 SYSTEMPATH\CodeIgniter.php(933): App\Controllers\UserController->changepassword()
 3 SYSTEMPATH\CodeIgniter.php(507): CodeIgniter\CodeIgniter->runController(Object(App\Controllers\UserController))
 4 SYSTEMPATH\CodeIgniter.php(354): CodeIgniter\CodeIgniter->handleRequest(null, Object(Config\Cache), false)
 5 SYSTEMPATH\Boot.php(334): CodeIgniter\CodeIgniter->run()
 6 SYSTEMPATH\Boot.php(67): CodeIgniter\Boot::runCodeIgniter(Object(CodeIgniter\CodeIgniter))
 7 FCPATH\index.php(59): CodeIgniter\Boot::bootWeb(Object(Config\Paths))
DEBUG - 2025-08-03 07:27:27 --> Session: Class initialized using 'CodeIgniter\Session\Handlers\FileHandler' driver.
WARNING - 2025-08-03 07:27:27 --> [DEPRECATED] password_verify(): Passing null to parameter #1 ($password) of type string is deprecated in APPPATH\Controllers\UserController.php on line 65.
 1 APPPATH\Controllers\UserController.php(65): password_verify(Object(SensitiveParameterValue), '$2y$10$yaW2LmfxBoUJmW9gMi9q5eRoFWvGXnbaaLgmdxjW8tAg0FIZBGJe2')
 2 SYSTEMPATH\CodeIgniter.php(933): App\Controllers\UserController->changepassword()
 3 SYSTEMPATH\CodeIgniter.php(507): CodeIgniter\CodeIgniter->runController(Object(App\Controllers\UserController))
 4 SYSTEMPATH\CodeIgniter.php(354): CodeIgniter\CodeIgniter->handleRequest(null, Object(Config\Cache), false)
 5 SYSTEMPATH\Boot.php(334): CodeIgniter\CodeIgniter->run()
 6 SYSTEMPATH\Boot.php(67): CodeIgniter\Boot::runCodeIgniter(Object(CodeIgniter\CodeIgniter))
 7 FCPATH\index.php(59): CodeIgniter\Boot::bootWeb(Object(Config\Paths))
DEBUG - 2025-08-03 07:27:27 --> Session: Class initialized using 'CodeIgniter\Session\Handlers\FileHandler' driver.
WARNING - 2025-08-03 07:27:27 --> [DEPRECATED] password_verify(): Passing null to parameter #1 ($password) of type string is deprecated in APPPATH\Controllers\UserController.php on line 65.
 1 APPPATH\Controllers\UserController.php(65): password_verify(Object(SensitiveParameterValue), '$2y$10$yaW2LmfxBoUJmW9gMi9q5eRoFWvGXnbaaLgmdxjW8tAg0FIZBGJe2')
 2 SYSTEMPATH\CodeIgniter.php(933): App\Controllers\UserController->changepassword()
 3 SYSTEMPATH\CodeIgniter.php(507): CodeIgniter\CodeIgniter->runController(Object(App\Controllers\UserController))
 4 SYSTEMPATH\CodeIgniter.php(354): CodeIgniter\CodeIgniter->handleRequest(null, Object(Config\Cache), false)
 5 SYSTEMPATH\Boot.php(334): CodeIgniter\CodeIgniter->run()
 6 SYSTEMPATH\Boot.php(67): CodeIgniter\Boot::runCodeIgniter(Object(CodeIgniter\CodeIgniter))
 7 FCPATH\index.php(59): CodeIgniter\Boot::bootWeb(Object(Config\Paths))
DEBUG - 2025-08-03 07:27:27 --> Session: Class initialized using 'CodeIgniter\Session\Handlers\FileHandler' driver.
WARNING - 2025-08-03 07:27:28 --> [DEPRECATED] password_verify(): Passing null to parameter #1 ($password) of type string is deprecated in APPPATH\Controllers\UserController.php on line 65.
 1 APPPATH\Controllers\UserController.php(65): password_verify(Object(SensitiveParameterValue), '$2y$10$yaW2LmfxBoUJmW9gMi9q5eRoFWvGXnbaaLgmdxjW8tAg0FIZBGJe2')
 2 SYSTEMPATH\CodeIgniter.php(933): App\Controllers\UserController->changepassword()
 3 SYSTEMPATH\CodeIgniter.php(507): CodeIgniter\CodeIgniter->runController(Object(App\Controllers\UserController))
 4 SYSTEMPATH\CodeIgniter.php(354): CodeIgniter\CodeIgniter->handleRequest(null, Object(Config\Cache), false)
 5 SYSTEMPATH\Boot.php(334): CodeIgniter\CodeIgniter->run()
 6 SYSTEMPATH\Boot.php(67): CodeIgniter\Boot::runCodeIgniter(Object(CodeIgniter\CodeIgniter))
 7 FCPATH\index.php(59): CodeIgniter\Boot::bootWeb(Object(Config\Paths))
DEBUG - 2025-08-03 07:27:28 --> Session: Class initialized using 'CodeIgniter\Session\Handlers\FileHandler' driver.
WARNING - 2025-08-03 07:27:28 --> [DEPRECATED] password_verify(): Passing null to parameter #1 ($password) of type string is deprecated in APPPATH\Controllers\UserController.php on line 65.
 1 APPPATH\Controllers\UserController.php(65): password_verify(Object(SensitiveParameterValue), '$2y$10$yaW2LmfxBoUJmW9gMi9q5eRoFWvGXnbaaLgmdxjW8tAg0FIZBGJe2')
 2 SYSTEMPATH\CodeIgniter.php(933): App\Controllers\UserController->changepassword()
 3 SYSTEMPATH\CodeIgniter.php(507): CodeIgniter\CodeIgniter->runController(Object(App\Controllers\UserController))
 4 SYSTEMPATH\CodeIgniter.php(354): CodeIgniter\CodeIgniter->handleRequest(null, Object(Config\Cache), false)
 5 SYSTEMPATH\Boot.php(334): CodeIgniter\CodeIgniter->run()
 6 SYSTEMPATH\Boot.php(67): CodeIgniter\Boot::runCodeIgniter(Object(CodeIgniter\CodeIgniter))
 7 FCPATH\index.php(59): CodeIgniter\Boot::bootWeb(Object(Config\Paths))
DEBUG - 2025-08-03 07:27:28 --> Session: Class initialized using 'CodeIgniter\Session\Handlers\FileHandler' driver.
WARNING - 2025-08-03 07:27:28 --> [DEPRECATED] password_verify(): Passing null to parameter #1 ($password) of type string is deprecated in APPPATH\Controllers\UserController.php on line 65.
 1 APPPATH\Controllers\UserController.php(65): password_verify(Object(SensitiveParameterValue), '$2y$10$yaW2LmfxBoUJmW9gMi9q5eRoFWvGXnbaaLgmdxjW8tAg0FIZBGJe2')
 2 SYSTEMPATH\CodeIgniter.php(933): App\Controllers\UserController->changepassword()
 3 SYSTEMPATH\CodeIgniter.php(507): CodeIgniter\CodeIgniter->runController(Object(App\Controllers\UserController))
 4 SYSTEMPATH\CodeIgniter.php(354): CodeIgniter\CodeIgniter->handleRequest(null, Object(Config\Cache), false)
 5 SYSTEMPATH\Boot.php(334): CodeIgniter\CodeIgniter->run()
 6 SYSTEMPATH\Boot.php(67): CodeIgniter\Boot::runCodeIgniter(Object(CodeIgniter\CodeIgniter))
 7 FCPATH\index.php(59): CodeIgniter\Boot::bootWeb(Object(Config\Paths))
DEBUG - 2025-08-03 07:27:28 --> Session: Class initialized using 'CodeIgniter\Session\Handlers\FileHandler' driver.
WARNING - 2025-08-03 07:27:28 --> [DEPRECATED] password_verify(): Passing null to parameter #1 ($password) of type string is deprecated in APPPATH\Controllers\UserController.php on line 65.
 1 APPPATH\Controllers\UserController.php(65): password_verify(Object(SensitiveParameterValue), '$2y$10$yaW2LmfxBoUJmW9gMi9q5eRoFWvGXnbaaLgmdxjW8tAg0FIZBGJe2')
 2 SYSTEMPATH\CodeIgniter.php(933): App\Controllers\UserController->changepassword()
 3 SYSTEMPATH\CodeIgniter.php(507): CodeIgniter\CodeIgniter->runController(Object(App\Controllers\UserController))
 4 SYSTEMPATH\CodeIgniter.php(354): CodeIgniter\CodeIgniter->handleRequest(null, Object(Config\Cache), false)
 5 SYSTEMPATH\Boot.php(334): CodeIgniter\CodeIgniter->run()
 6 SYSTEMPATH\Boot.php(67): CodeIgniter\Boot::runCodeIgniter(Object(CodeIgniter\CodeIgniter))
 7 FCPATH\index.php(59): CodeIgniter\Boot::bootWeb(Object(Config\Paths))
DEBUG - 2025-08-03 07:27:28 --> Session: Class initialized using 'CodeIgniter\Session\Handlers\FileHandler' driver.
WARNING - 2025-08-03 07:27:28 --> [DEPRECATED] password_verify(): Passing null to parameter #1 ($password) of type string is deprecated in APPPATH\Controllers\UserController.php on line 65.
 1 APPPATH\Controllers\UserController.php(65): password_verify(Object(SensitiveParameterValue), '$2y$10$yaW2LmfxBoUJmW9gMi9q5eRoFWvGXnbaaLgmdxjW8tAg0FIZBGJe2')
 2 SYSTEMPATH\CodeIgniter.php(933): App\Controllers\UserController->changepassword()
 3 SYSTEMPATH\CodeIgniter.php(507): CodeIgniter\CodeIgniter->runController(Object(App\Controllers\UserController))
 4 SYSTEMPATH\CodeIgniter.php(354): CodeIgniter\CodeIgniter->handleRequest(null, Object(Config\Cache), false)
 5 SYSTEMPATH\Boot.php(334): CodeIgniter\CodeIgniter->run()
 6 SYSTEMPATH\Boot.php(67): CodeIgniter\Boot::runCodeIgniter(Object(CodeIgniter\CodeIgniter))
 7 FCPATH\index.php(59): CodeIgniter\Boot::bootWeb(Object(Config\Paths))
DEBUG - 2025-08-03 07:27:28 --> Session: Class initialized using 'CodeIgniter\Session\Handlers\FileHandler' driver.
WARNING - 2025-08-03 07:27:28 --> [DEPRECATED] password_verify(): Passing null to parameter #1 ($password) of type string is deprecated in APPPATH\Controllers\UserController.php on line 65.
 1 APPPATH\Controllers\UserController.php(65): password_verify(Object(SensitiveParameterValue), '$2y$10$yaW2LmfxBoUJmW9gMi9q5eRoFWvGXnbaaLgmdxjW8tAg0FIZBGJe2')
 2 SYSTEMPATH\CodeIgniter.php(933): App\Controllers\UserController->changepassword()
 3 SYSTEMPATH\CodeIgniter.php(507): CodeIgniter\CodeIgniter->runController(Object(App\Controllers\UserController))
 4 SYSTEMPATH\CodeIgniter.php(354): CodeIgniter\CodeIgniter->handleRequest(null, Object(Config\Cache), false)
 5 SYSTEMPATH\Boot.php(334): CodeIgniter\CodeIgniter->run()
 6 SYSTEMPATH\Boot.php(67): CodeIgniter\Boot::runCodeIgniter(Object(CodeIgniter\CodeIgniter))
 7 FCPATH\index.php(59): CodeIgniter\Boot::bootWeb(Object(Config\Paths))
DEBUG - 2025-08-03 07:27:28 --> Session: Class initialized using 'CodeIgniter\Session\Handlers\FileHandler' driver.
WARNING - 2025-08-03 07:27:28 --> [DEPRECATED] password_verify(): Passing null to parameter #1 ($password) of type string is deprecated in APPPATH\Controllers\UserController.php on line 65.
 1 APPPATH\Controllers\UserController.php(65): password_verify(Object(SensitiveParameterValue), '$2y$10$yaW2LmfxBoUJmW9gMi9q5eRoFWvGXnbaaLgmdxjW8tAg0FIZBGJe2')
 2 SYSTEMPATH\CodeIgniter.php(933): App\Controllers\UserController->changepassword()
 3 SYSTEMPATH\CodeIgniter.php(507): CodeIgniter\CodeIgniter->runController(Object(App\Controllers\UserController))
 4 SYSTEMPATH\CodeIgniter.php(354): CodeIgniter\CodeIgniter->handleRequest(null, Object(Config\Cache), false)
 5 SYSTEMPATH\Boot.php(334): CodeIgniter\CodeIgniter->run()
 6 SYSTEMPATH\Boot.php(67): CodeIgniter\Boot::runCodeIgniter(Object(CodeIgniter\CodeIgniter))
 7 FCPATH\index.php(59): CodeIgniter\Boot::bootWeb(Object(Config\Paths))
DEBUG - 2025-08-03 07:27:29 --> Session: Class initialized using 'CodeIgniter\Session\Handlers\FileHandler' driver.
WARNING - 2025-08-03 07:27:29 --> [DEPRECATED] password_verify(): Passing null to parameter #1 ($password) of type string is deprecated in APPPATH\Controllers\UserController.php on line 65.
 1 APPPATH\Controllers\UserController.php(65): password_verify(Object(SensitiveParameterValue), '$2y$10$yaW2LmfxBoUJmW9gMi9q5eRoFWvGXnbaaLgmdxjW8tAg0FIZBGJe2')
 2 SYSTEMPATH\CodeIgniter.php(933): App\Controllers\UserController->changepassword()
 3 SYSTEMPATH\CodeIgniter.php(507): CodeIgniter\CodeIgniter->runController(Object(App\Controllers\UserController))
 4 SYSTEMPATH\CodeIgniter.php(354): CodeIgniter\CodeIgniter->handleRequest(null, Object(Config\Cache), false)
 5 SYSTEMPATH\Boot.php(334): CodeIgniter\CodeIgniter->run()
 6 SYSTEMPATH\Boot.php(67): CodeIgniter\Boot::runCodeIgniter(Object(CodeIgniter\CodeIgniter))
 7 FCPATH\index.php(59): CodeIgniter\Boot::bootWeb(Object(Config\Paths))
DEBUG - 2025-08-03 07:27:29 --> Session: Class initialized using 'CodeIgniter\Session\Handlers\FileHandler' driver.
WARNING - 2025-08-03 07:27:29 --> [DEPRECATED] password_verify(): Passing null to parameter #1 ($password) of type string is deprecated in APPPATH\Controllers\UserController.php on line 65.
 1 APPPATH\Controllers\UserController.php(65): password_verify(Object(SensitiveParameterValue), '$2y$10$yaW2LmfxBoUJmW9gMi9q5eRoFWvGXnbaaLgmdxjW8tAg0FIZBGJe2')
 2 SYSTEMPATH\CodeIgniter.php(933): App\Controllers\UserController->changepassword()
 3 SYSTEMPATH\CodeIgniter.php(507): CodeIgniter\CodeIgniter->runController(Object(App\Controllers\UserController))
 4 SYSTEMPATH\CodeIgniter.php(354): CodeIgniter\CodeIgniter->handleRequest(null, Object(Config\Cache), false)
 5 SYSTEMPATH\Boot.php(334): CodeIgniter\CodeIgniter->run()
 6 SYSTEMPATH\Boot.php(67): CodeIgniter\Boot::runCodeIgniter(Object(CodeIgniter\CodeIgniter))
 7 FCPATH\index.php(59): CodeIgniter\Boot::bootWeb(Object(Config\Paths))
DEBUG - 2025-08-03 07:27:29 --> Session: Class initialized using 'CodeIgniter\Session\Handlers\FileHandler' driver.
WARNING - 2025-08-03 07:27:29 --> [DEPRECATED] password_verify(): Passing null to parameter #1 ($password) of type string is deprecated in APPPATH\Controllers\UserController.php on line 65.
 1 APPPATH\Controllers\UserController.php(65): password_verify(Object(SensitiveParameterValue), '$2y$10$yaW2LmfxBoUJmW9gMi9q5eRoFWvGXnbaaLgmdxjW8tAg0FIZBGJe2')
 2 SYSTEMPATH\CodeIgniter.php(933): App\Controllers\UserController->changepassword()
 3 SYSTEMPATH\CodeIgniter.php(507): CodeIgniter\CodeIgniter->runController(Object(App\Controllers\UserController))
 4 SYSTEMPATH\CodeIgniter.php(354): CodeIgniter\CodeIgniter->handleRequest(null, Object(Config\Cache), false)
 5 SYSTEMPATH\Boot.php(334): CodeIgniter\CodeIgniter->run()
 6 SYSTEMPATH\Boot.php(67): CodeIgniter\Boot::runCodeIgniter(Object(CodeIgniter\CodeIgniter))
 7 FCPATH\index.php(59): CodeIgniter\Boot::bootWeb(Object(Config\Paths))
DEBUG - 2025-08-03 07:27:29 --> Session: Class initialized using 'CodeIgniter\Session\Handlers\FileHandler' driver.
WARNING - 2025-08-03 07:27:29 --> [DEPRECATED] password_verify(): Passing null to parameter #1 ($password) of type string is deprecated in APPPATH\Controllers\UserController.php on line 65.
 1 APPPATH\Controllers\UserController.php(65): password_verify(Object(SensitiveParameterValue), '$2y$10$yaW2LmfxBoUJmW9gMi9q5eRoFWvGXnbaaLgmdxjW8tAg0FIZBGJe2')
 2 SYSTEMPATH\CodeIgniter.php(933): App\Controllers\UserController->changepassword()
 3 SYSTEMPATH\CodeIgniter.php(507): CodeIgniter\CodeIgniter->runController(Object(App\Controllers\UserController))
 4 SYSTEMPATH\CodeIgniter.php(354): CodeIgniter\CodeIgniter->handleRequest(null, Object(Config\Cache), false)
 5 SYSTEMPATH\Boot.php(334): CodeIgniter\CodeIgniter->run()
 6 SYSTEMPATH\Boot.php(67): CodeIgniter\Boot::runCodeIgniter(Object(CodeIgniter\CodeIgniter))
 7 FCPATH\index.php(59): CodeIgniter\Boot::bootWeb(Object(Config\Paths))
DEBUG - 2025-08-03 07:27:29 --> Session: Class initialized using 'CodeIgniter\Session\Handlers\FileHandler' driver.
WARNING - 2025-08-03 07:27:29 --> [DEPRECATED] password_verify(): Passing null to parameter #1 ($password) of type string is deprecated in APPPATH\Controllers\UserController.php on line 65.
 1 APPPATH\Controllers\UserController.php(65): password_verify(Object(SensitiveParameterValue), '$2y$10$yaW2LmfxBoUJmW9gMi9q5eRoFWvGXnbaaLgmdxjW8tAg0FIZBGJe2')
 2 SYSTEMPATH\CodeIgniter.php(933): App\Controllers\UserController->changepassword()
 3 SYSTEMPATH\CodeIgniter.php(507): CodeIgniter\CodeIgniter->runController(Object(App\Controllers\UserController))
 4 SYSTEMPATH\CodeIgniter.php(354): CodeIgniter\CodeIgniter->handleRequest(null, Object(Config\Cache), false)
 5 SYSTEMPATH\Boot.php(334): CodeIgniter\CodeIgniter->run()
 6 SYSTEMPATH\Boot.php(67): CodeIgniter\Boot::runCodeIgniter(Object(CodeIgniter\CodeIgniter))
 7 FCPATH\index.php(59): CodeIgniter\Boot::bootWeb(Object(Config\Paths))
DEBUG - 2025-08-03 07:27:29 --> Session: Class initialized using 'CodeIgniter\Session\Handlers\FileHandler' driver.
WARNING - 2025-08-03 07:27:29 --> [DEPRECATED] password_verify(): Passing null to parameter #1 ($password) of type string is deprecated in APPPATH\Controllers\UserController.php on line 65.
 1 APPPATH\Controllers\UserController.php(65): password_verify(Object(SensitiveParameterValue), '$2y$10$yaW2LmfxBoUJmW9gMi9q5eRoFWvGXnbaaLgmdxjW8tAg0FIZBGJe2')
 2 SYSTEMPATH\CodeIgniter.php(933): App\Controllers\UserController->changepassword()
 3 SYSTEMPATH\CodeIgniter.php(507): CodeIgniter\CodeIgniter->runController(Object(App\Controllers\UserController))
 4 SYSTEMPATH\CodeIgniter.php(354): CodeIgniter\CodeIgniter->handleRequest(null, Object(Config\Cache), false)
 5 SYSTEMPATH\Boot.php(334): CodeIgniter\CodeIgniter->run()
 6 SYSTEMPATH\Boot.php(67): CodeIgniter\Boot::runCodeIgniter(Object(CodeIgniter\CodeIgniter))
 7 FCPATH\index.php(59): CodeIgniter\Boot::bootWeb(Object(Config\Paths))
DEBUG - 2025-08-03 07:27:30 --> Session: Class initialized using 'CodeIgniter\Session\Handlers\FileHandler' driver.
WARNING - 2025-08-03 07:27:30 --> [DEPRECATED] password_verify(): Passing null to parameter #1 ($password) of type string is deprecated in APPPATH\Controllers\UserController.php on line 65.
 1 APPPATH\Controllers\UserController.php(65): password_verify(Object(SensitiveParameterValue), '$2y$10$yaW2LmfxBoUJmW9gMi9q5eRoFWvGXnbaaLgmdxjW8tAg0FIZBGJe2')
 2 SYSTEMPATH\CodeIgniter.php(933): App\Controllers\UserController->changepassword()
 3 SYSTEMPATH\CodeIgniter.php(507): CodeIgniter\CodeIgniter->runController(Object(App\Controllers\UserController))
 4 SYSTEMPATH\CodeIgniter.php(354): CodeIgniter\CodeIgniter->handleRequest(null, Object(Config\Cache), false)
 5 SYSTEMPATH\Boot.php(334): CodeIgniter\CodeIgniter->run()
 6 SYSTEMPATH\Boot.php(67): CodeIgniter\Boot::runCodeIgniter(Object(CodeIgniter\CodeIgniter))
 7 FCPATH\index.php(59): CodeIgniter\Boot::bootWeb(Object(Config\Paths))
DEBUG - 2025-08-03 07:27:30 --> Session: Class initialized using 'CodeIgniter\Session\Handlers\FileHandler' driver.
WARNING - 2025-08-03 07:27:30 --> [DEPRECATED] password_verify(): Passing null to parameter #1 ($password) of type string is deprecated in APPPATH\Controllers\UserController.php on line 65.
 1 APPPATH\Controllers\UserController.php(65): password_verify(Object(SensitiveParameterValue), '$2y$10$yaW2LmfxBoUJmW9gMi9q5eRoFWvGXnbaaLgmdxjW8tAg0FIZBGJe2')
 2 SYSTEMPATH\CodeIgniter.php(933): App\Controllers\UserController->changepassword()
 3 SYSTEMPATH\CodeIgniter.php(507): CodeIgniter\CodeIgniter->runController(Object(App\Controllers\UserController))
 4 SYSTEMPATH\CodeIgniter.php(354): CodeIgniter\CodeIgniter->handleRequest(null, Object(Config\Cache), false)
 5 SYSTEMPATH\Boot.php(334): CodeIgniter\CodeIgniter->run()
 6 SYSTEMPATH\Boot.php(67): CodeIgniter\Boot::runCodeIgniter(Object(CodeIgniter\CodeIgniter))
 7 FCPATH\index.php(59): CodeIgniter\Boot::bootWeb(Object(Config\Paths))
DEBUG - 2025-08-03 07:27:30 --> Session: Class initialized using 'CodeIgniter\Session\Handlers\FileHandler' driver.
WARNING - 2025-08-03 07:27:30 --> [DEPRECATED] password_verify(): Passing null to parameter #1 ($password) of type string is deprecated in APPPATH\Controllers\UserController.php on line 65.
 1 APPPATH\Controllers\UserController.php(65): password_verify(Object(SensitiveParameterValue), '$2y$10$yaW2LmfxBoUJmW9gMi9q5eRoFWvGXnbaaLgmdxjW8tAg0FIZBGJe2')
 2 SYSTEMPATH\CodeIgniter.php(933): App\Controllers\UserController->changepassword()
 3 SYSTEMPATH\CodeIgniter.php(507): CodeIgniter\CodeIgniter->runController(Object(App\Controllers\UserController))
 4 SYSTEMPATH\CodeIgniter.php(354): CodeIgniter\CodeIgniter->handleRequest(null, Object(Config\Cache), false)
 5 SYSTEMPATH\Boot.php(334): CodeIgniter\CodeIgniter->run()
 6 SYSTEMPATH\Boot.php(67): CodeIgniter\Boot::runCodeIgniter(Object(CodeIgniter\CodeIgniter))
 7 FCPATH\index.php(59): CodeIgniter\Boot::bootWeb(Object(Config\Paths))
DEBUG - 2025-08-03 07:27:30 --> Session: Class initialized using 'CodeIgniter\Session\Handlers\FileHandler' driver.
WARNING - 2025-08-03 07:27:30 --> [DEPRECATED] password_verify(): Passing null to parameter #1 ($password) of type string is deprecated in APPPATH\Controllers\UserController.php on line 65.
 1 APPPATH\Controllers\UserController.php(65): password_verify(Object(SensitiveParameterValue), '$2y$10$yaW2LmfxBoUJmW9gMi9q5eRoFWvGXnbaaLgmdxjW8tAg0FIZBGJe2')
 2 SYSTEMPATH\CodeIgniter.php(933): App\Controllers\UserController->changepassword()
 3 SYSTEMPATH\CodeIgniter.php(507): CodeIgniter\CodeIgniter->runController(Object(App\Controllers\UserController))
 4 SYSTEMPATH\CodeIgniter.php(354): CodeIgniter\CodeIgniter->handleRequest(null, Object(Config\Cache), false)
 5 SYSTEMPATH\Boot.php(334): CodeIgniter\CodeIgniter->run()
 6 SYSTEMPATH\Boot.php(67): CodeIgniter\Boot::runCodeIgniter(Object(CodeIgniter\CodeIgniter))
 7 FCPATH\index.php(59): CodeIgniter\Boot::bootWeb(Object(Config\Paths))
DEBUG - 2025-08-03 07:27:30 --> Session: Class initialized using 'CodeIgniter\Session\Handlers\FileHandler' driver.
DEBUG - 2025-08-03 07:27:33 --> Session: Class initialized using 'CodeIgniter\Session\Handlers\FileHandler' driver.
WARNING - 2025-08-03 07:27:33 --> [DEPRECATED] password_verify(): Passing null to parameter #1 ($password) of type string is deprecated in APPPATH\Controllers\UserController.php on line 65.
 1 APPPATH\Controllers\UserController.php(65): password_verify(Object(SensitiveParameterValue), '$2y$10$yaW2LmfxBoUJmW9gMi9q5eRoFWvGXnbaaLgmdxjW8tAg0FIZBGJe2')
 2 SYSTEMPATH\CodeIgniter.php(933): App\Controllers\UserController->changepassword()
 3 SYSTEMPATH\CodeIgniter.php(507): CodeIgniter\CodeIgniter->runController(Object(App\Controllers\UserController))
 4 SYSTEMPATH\CodeIgniter.php(354): CodeIgniter\CodeIgniter->handleRequest(null, Object(Config\Cache), false)
 5 SYSTEMPATH\Boot.php(334): CodeIgniter\CodeIgniter->run()
 6 SYSTEMPATH\Boot.php(67): CodeIgniter\Boot::runCodeIgniter(Object(CodeIgniter\CodeIgniter))
 7 FCPATH\index.php(59): CodeIgniter\Boot::bootWeb(Object(Config\Paths))
DEBUG - 2025-08-03 07:27:33 --> Session: Class initialized using 'CodeIgniter\Session\Handlers\FileHandler' driver.
DEBUG - 2025-08-03 07:27:37 --> Session: Class initialized using 'CodeIgniter\Session\Handlers\FileHandler' driver.
WARNING - 2025-08-03 07:27:37 --> [DEPRECATED] password_verify(): Passing null to parameter #1 ($password) of type string is deprecated in APPPATH\Controllers\UserController.php on line 65.
 1 APPPATH\Controllers\UserController.php(65): password_verify(Object(SensitiveParameterValue), '$2y$10$yaW2LmfxBoUJmW9gMi9q5eRoFWvGXnbaaLgmdxjW8tAg0FIZBGJe2')
 2 SYSTEMPATH\CodeIgniter.php(933): App\Controllers\UserController->changepassword()
 3 SYSTEMPATH\CodeIgniter.php(507): CodeIgniter\CodeIgniter->runController(Object(App\Controllers\UserController))
 4 SYSTEMPATH\CodeIgniter.php(354): CodeIgniter\CodeIgniter->handleRequest(null, Object(Config\Cache), false)
 5 SYSTEMPATH\Boot.php(334): CodeIgniter\CodeIgniter->run()
 6 SYSTEMPATH\Boot.php(67): CodeIgniter\Boot::runCodeIgniter(Object(CodeIgniter\CodeIgniter))
 7 FCPATH\index.php(59): CodeIgniter\Boot::bootWeb(Object(Config\Paths))
DEBUG - 2025-08-03 07:27:37 --> Session: Class initialized using 'CodeIgniter\Session\Handlers\FileHandler' driver.
DEBUG - 2025-08-03 07:27:38 --> Session: Class initialized using 'CodeIgniter\Session\Handlers\FileHandler' driver.
WARNING - 2025-08-03 07:27:38 --> [DEPRECATED] password_verify(): Passing null to parameter #1 ($password) of type string is deprecated in APPPATH\Controllers\UserController.php on line 65.
 1 APPPATH\Controllers\UserController.php(65): password_verify(Object(SensitiveParameterValue), '$2y$10$yaW2LmfxBoUJmW9gMi9q5eRoFWvGXnbaaLgmdxjW8tAg0FIZBGJe2')
 2 SYSTEMPATH\CodeIgniter.php(933): App\Controllers\UserController->changepassword()
 3 SYSTEMPATH\CodeIgniter.php(507): CodeIgniter\CodeIgniter->runController(Object(App\Controllers\UserController))
 4 SYSTEMPATH\CodeIgniter.php(354): CodeIgniter\CodeIgniter->handleRequest(null, Object(Config\Cache), false)
 5 SYSTEMPATH\Boot.php(334): CodeIgniter\CodeIgniter->run()
 6 SYSTEMPATH\Boot.php(67): CodeIgniter\Boot::runCodeIgniter(Object(CodeIgniter\CodeIgniter))
 7 FCPATH\index.php(59): CodeIgniter\Boot::bootWeb(Object(Config\Paths))
DEBUG - 2025-08-03 07:27:38 --> Session: Class initialized using 'CodeIgniter\Session\Handlers\FileHandler' driver.
DEBUG - 2025-08-03 07:27:39 --> Session: Class initialized using 'CodeIgniter\Session\Handlers\FileHandler' driver.
WARNING - 2025-08-03 07:27:39 --> [DEPRECATED] password_verify(): Passing null to parameter #1 ($password) of type string is deprecated in APPPATH\Controllers\UserController.php on line 65.
 1 APPPATH\Controllers\UserController.php(65): password_verify(Object(SensitiveParameterValue), '$2y$10$yaW2LmfxBoUJmW9gMi9q5eRoFWvGXnbaaLgmdxjW8tAg0FIZBGJe2')
 2 SYSTEMPATH\CodeIgniter.php(933): App\Controllers\UserController->changepassword()
 3 SYSTEMPATH\CodeIgniter.php(507): CodeIgniter\CodeIgniter->runController(Object(App\Controllers\UserController))
 4 SYSTEMPATH\CodeIgniter.php(354): CodeIgniter\CodeIgniter->handleRequest(null, Object(Config\Cache), false)
 5 SYSTEMPATH\Boot.php(334): CodeIgniter\CodeIgniter->run()
 6 SYSTEMPATH\Boot.php(67): CodeIgniter\Boot::runCodeIgniter(Object(CodeIgniter\CodeIgniter))
 7 FCPATH\index.php(59): CodeIgniter\Boot::bootWeb(Object(Config\Paths))
DEBUG - 2025-08-03 07:27:40 --> Session: Class initialized using 'CodeIgniter\Session\Handlers\FileHandler' driver.
DEBUG - 2025-08-03 07:27:42 --> Session: Class initialized using 'CodeIgniter\Session\Handlers\FileHandler' driver.
WARNING - 2025-08-03 07:27:42 --> [DEPRECATED] password_verify(): Passing null to parameter #1 ($password) of type string is deprecated in APPPATH\Controllers\UserController.php on line 65.
 1 APPPATH\Controllers\UserController.php(65): password_verify(Object(SensitiveParameterValue), '$2y$10$yaW2LmfxBoUJmW9gMi9q5eRoFWvGXnbaaLgmdxjW8tAg0FIZBGJe2')
 2 SYSTEMPATH\CodeIgniter.php(933): App\Controllers\UserController->changepassword()
 3 SYSTEMPATH\CodeIgniter.php(507): CodeIgniter\CodeIgniter->runController(Object(App\Controllers\UserController))
 4 SYSTEMPATH\CodeIgniter.php(354): CodeIgniter\CodeIgniter->handleRequest(null, Object(Config\Cache), false)
 5 SYSTEMPATH\Boot.php(334): CodeIgniter\CodeIgniter->run()
 6 SYSTEMPATH\Boot.php(67): CodeIgniter\Boot::runCodeIgniter(Object(CodeIgniter\CodeIgniter))
 7 FCPATH\index.php(59): CodeIgniter\Boot::bootWeb(Object(Config\Paths))
DEBUG - 2025-08-03 07:27:42 --> Session: Class initialized using 'CodeIgniter\Session\Handlers\FileHandler' driver.
DEBUG - 2025-08-03 07:27:44 --> Session: Class initialized using 'CodeIgniter\Session\Handlers\FileHandler' driver.
DEBUG - 2025-08-03 07:27:46 --> Session: Class initialized using 'CodeIgniter\Session\Handlers\FileHandler' driver.
WARNING - 2025-08-03 07:27:46 --> [DEPRECATED] password_verify(): Passing null to parameter #1 ($password) of type string is deprecated in APPPATH\Controllers\UserController.php on line 65.
 1 APPPATH\Controllers\UserController.php(65): password_verify(Object(SensitiveParameterValue), '$2y$10$yaW2LmfxBoUJmW9gMi9q5eRoFWvGXnbaaLgmdxjW8tAg0FIZBGJe2')
 2 SYSTEMPATH\CodeIgniter.php(933): App\Controllers\UserController->changepassword()
 3 SYSTEMPATH\CodeIgniter.php(507): CodeIgniter\CodeIgniter->runController(Object(App\Controllers\UserController))
 4 SYSTEMPATH\CodeIgniter.php(354): CodeIgniter\CodeIgniter->handleRequest(null, Object(Config\Cache), false)
 5 SYSTEMPATH\Boot.php(334): CodeIgniter\CodeIgniter->run()
 6 SYSTEMPATH\Boot.php(67): CodeIgniter\Boot::runCodeIgniter(Object(CodeIgniter\CodeIgniter))
 7 FCPATH\index.php(59): CodeIgniter\Boot::bootWeb(Object(Config\Paths))
DEBUG - 2025-08-03 07:27:46 --> Session: Class initialized using 'CodeIgniter\Session\Handlers\FileHandler' driver.
DEBUG - 2025-08-03 07:28:54 --> Session: Class initialized using 'CodeIgniter\Session\Handlers\FileHandler' driver.
DEBUG - 2025-08-03 07:28:58 --> Session: Class initialized using 'CodeIgniter\Session\Handlers\FileHandler' driver.
WARNING - 2025-08-03 07:28:58 --> [DEPRECATED] password_verify(): Passing null to parameter #1 ($password) of type string is deprecated in APPPATH\Controllers\UserController.php on line 68.
 1 APPPATH\Controllers\UserController.php(68): password_verify(Object(SensitiveParameterValue), '$2y$10$yaW2LmfxBoUJmW9gMi9q5eRoFWvGXnbaaLgmdxjW8tAg0FIZBGJe2')
 2 SYSTEMPATH\CodeIgniter.php(933): App\Controllers\UserController->changepassword()
 3 SYSTEMPATH\CodeIgniter.php(507): CodeIgniter\CodeIgniter->runController(Object(App\Controllers\UserController))
 4 SYSTEMPATH\CodeIgniter.php(354): CodeIgniter\CodeIgniter->handleRequest(null, Object(Config\Cache), false)
 5 SYSTEMPATH\Boot.php(334): CodeIgniter\CodeIgniter->run()
 6 SYSTEMPATH\Boot.php(67): CodeIgniter\Boot::runCodeIgniter(Object(CodeIgniter\CodeIgniter))
 7 FCPATH\index.php(59): CodeIgniter\Boot::bootWeb(Object(Config\Paths))
DEBUG - 2025-08-03 07:28:58 --> Session: Class initialized using 'CodeIgniter\Session\Handlers\FileHandler' driver.
DEBUG - 2025-08-03 07:29:06 --> Session: Class initialized using 'CodeIgniter\Session\Handlers\FileHandler' driver.
WARNING - 2025-08-03 07:29:06 --> [DEPRECATED] password_verify(): Passing null to parameter #1 ($password) of type string is deprecated in APPPATH\Controllers\UserController.php on line 68.
 1 APPPATH\Controllers\UserController.php(68): password_verify(Object(SensitiveParameterValue), '$2y$10$yaW2LmfxBoUJmW9gMi9q5eRoFWvGXnbaaLgmdxjW8tAg0FIZBGJe2')
 2 SYSTEMPATH\CodeIgniter.php(933): App\Controllers\UserController->changepassword()
 3 SYSTEMPATH\CodeIgniter.php(507): CodeIgniter\CodeIgniter->runController(Object(App\Controllers\UserController))
 4 SYSTEMPATH\CodeIgniter.php(354): CodeIgniter\CodeIgniter->handleRequest(null, Object(Config\Cache), false)
 5 SYSTEMPATH\Boot.php(334): CodeIgniter\CodeIgniter->run()
 6 SYSTEMPATH\Boot.php(67): CodeIgniter\Boot::runCodeIgniter(Object(CodeIgniter\CodeIgniter))
 7 FCPATH\index.php(59): CodeIgniter\Boot::bootWeb(Object(Config\Paths))
DEBUG - 2025-08-03 07:29:07 --> Session: Class initialized using 'CodeIgniter\Session\Handlers\FileHandler' driver.
DEBUG - 2025-08-03 07:29:15 --> Session: Class initialized using 'CodeIgniter\Session\Handlers\FileHandler' driver.
WARNING - 2025-08-03 07:29:15 --> [DEPRECATED] password_verify(): Passing null to parameter #1 ($password) of type string is deprecated in APPPATH\Controllers\UserController.php on line 68.
 1 APPPATH\Controllers\UserController.php(68): password_verify(Object(SensitiveParameterValue), '$2y$10$yaW2LmfxBoUJmW9gMi9q5eRoFWvGXnbaaLgmdxjW8tAg0FIZBGJe2')
 2 SYSTEMPATH\CodeIgniter.php(933): App\Controllers\UserController->changepassword()
 3 SYSTEMPATH\CodeIgniter.php(507): CodeIgniter\CodeIgniter->runController(Object(App\Controllers\UserController))
 4 SYSTEMPATH\CodeIgniter.php(354): CodeIgniter\CodeIgniter->handleRequest(null, Object(Config\Cache), false)
 5 SYSTEMPATH\Boot.php(334): CodeIgniter\CodeIgniter->run()
 6 SYSTEMPATH\Boot.php(67): CodeIgniter\Boot::runCodeIgniter(Object(CodeIgniter\CodeIgniter))
 7 FCPATH\index.php(59): CodeIgniter\Boot::bootWeb(Object(Config\Paths))
DEBUG - 2025-08-03 07:29:15 --> Session: Class initialized using 'CodeIgniter\Session\Handlers\FileHandler' driver.
DEBUG - 2025-08-03 07:29:59 --> Session: Class initialized using 'CodeIgniter\Session\Handlers\FileHandler' driver.
DEBUG - 2025-08-03 07:29:59 --> Session: Class initialized using 'CodeIgniter\Session\Handlers\FileHandler' driver.
DEBUG - 2025-08-03 07:30:01 --> Session: Class initialized using 'CodeIgniter\Session\Handlers\FileHandler' driver.
DEBUG - 2025-08-03 07:30:05 --> Session: Class initialized using 'CodeIgniter\Session\Handlers\FileHandler' driver.
DEBUG - 2025-08-03 07:30:05 --> Session: Class initialized using 'CodeIgniter\Session\Handlers\FileHandler' driver.
DEBUG - 2025-08-03 07:30:11 --> Session: Class initialized using 'CodeIgniter\Session\Handlers\FileHandler' driver.
DEBUG - 2025-08-03 07:30:11 --> Session: Class initialized using 'CodeIgniter\Session\Handlers\FileHandler' driver.
DEBUG - 2025-08-03 07:30:17 --> Session: Class initialized using 'CodeIgniter\Session\Handlers\FileHandler' driver.
DEBUG - 2025-08-03 07:30:17 --> Session: Class initialized using 'CodeIgniter\Session\Handlers\FileHandler' driver.
DEBUG - 2025-08-03 07:30:20 --> Session: Class initialized using 'CodeIgniter\Session\Handlers\FileHandler' driver.
DEBUG - 2025-08-03 07:32:02 --> Session: Class initialized using 'CodeIgniter\Session\Handlers\FileHandler' driver.
CRITICAL - 2025-08-03 07:33:12 --> ArgumentCountError: Too few arguments to function App\Controllers\UserController::updateProfile(), 0 passed in D:\xampp\htdocs\tours-and-travels-system\system\CodeIgniter.php on line 933 and exactly 1 expected
[Method: POST, Route: dashboard/updateprofile]
in APPPATH\Controllers\UserController.php on line 39.
 1 SYSTEMPATH\CodeIgniter.php(933): App\Controllers\UserController->updateProfile()
 2 SYSTEMPATH\CodeIgniter.php(507): CodeIgniter\CodeIgniter->runController(Object(App\Controllers\UserController))
 3 SYSTEMPATH\CodeIgniter.php(354): CodeIgniter\CodeIgniter->handleRequest(null, Object(Config\Cache), false)
 4 SYSTEMPATH\Boot.php(334): CodeIgniter\CodeIgniter->run()
 5 SYSTEMPATH\Boot.php(67): CodeIgniter\Boot::runCodeIgniter(Object(CodeIgniter\CodeIgniter))
 6 FCPATH\index.php(59): CodeIgniter\Boot::bootWeb(Object(Config\Paths))
DEBUG - 2025-08-03 07:34:18 --> Session: Class initialized using 'CodeIgniter\Session\Handlers\FileHandler' driver.
DEBUG - 2025-08-03 07:36:01 --> Session: Class initialized using 'CodeIgniter\Session\Handlers\FileHandler' driver.
DEBUG - 2025-08-03 07:36:40 --> Session: Class initialized using 'CodeIgniter\Session\Handlers\FileHandler' driver.
DEBUG - 2025-08-03 07:37:16 --> Session: Class initialized using 'CodeIgniter\Session\Handlers\FileHandler' driver.
DEBUG - 2025-08-03 07:37:21 --> Session: Class initialized using 'CodeIgniter\Session\Handlers\FileHandler' driver.
DEBUG - 2025-08-03 07:37:27 --> Session: Class initialized using 'CodeIgniter\Session\Handlers\FileHandler' driver.
DEBUG - 2025-08-03 07:37:29 --> Session: Class initialized using 'CodeIgniter\Session\Handlers\FileHandler' driver.
DEBUG - 2025-08-03 07:37:34 --> Session: Class initialized using 'CodeIgniter\Session\Handlers\FileHandler' driver.
DEBUG - 2025-08-03 07:37:40 --> Session: Class initialized using 'CodeIgniter\Session\Handlers\FileHandler' driver.
DEBUG - 2025-08-03 07:38:00 --> Session: Class initialized using 'CodeIgniter\Session\Handlers\FileHandler' driver.
DEBUG - 2025-08-03 07:40:58 --> Session: Class initialized using 'CodeIgniter\Session\Handlers\FileHandler' driver.
DEBUG - 2025-08-03 07:41:35 --> Session: Class initialized using 'CodeIgniter\Session\Handlers\FileHandler' driver.
DEBUG - 2025-08-03 07:42:07 --> Session: Class initialized using 'CodeIgniter\Session\Handlers\FileHandler' driver.
CRITICAL - 2025-08-03 07:42:08 --> Error: Call to a member function formated() on string
[Method: GET, Route: profile]
in APPPATH\Controllers\Home.php on line 39.
 1 SYSTEMPATH\CodeIgniter.php(933): App\Controllers\Home->profile()
 2 SYSTEMPATH\CodeIgniter.php(507): CodeIgniter\CodeIgniter->runController(Object(App\Controllers\Home))
 3 SYSTEMPATH\CodeIgniter.php(354): CodeIgniter\CodeIgniter->handleRequest(null, Object(Config\Cache), false)
 4 SYSTEMPATH\Boot.php(334): CodeIgniter\CodeIgniter->run()
 5 SYSTEMPATH\Boot.php(67): CodeIgniter\Boot::runCodeIgniter(Object(CodeIgniter\CodeIgniter))
 6 FCPATH\index.php(59): CodeIgniter\Boot::bootWeb(Object(Config\Paths))
DEBUG - 2025-08-03 07:43:04 --> Session: Class initialized using 'CodeIgniter\Session\Handlers\FileHandler' driver.
DEBUG - 2025-08-03 07:49:37 --> Session: Class initialized using 'CodeIgniter\Session\Handlers\FileHandler' driver.
DEBUG - 2025-08-03 07:52:33 --> Session: Class initialized using 'CodeIgniter\Session\Handlers\FileHandler' driver.
DEBUG - 2025-08-03 07:54:21 --> Session: Class initialized using 'CodeIgniter\Session\Handlers\FileHandler' driver.
DEBUG - 2025-08-03 07:54:30 --> Session: Class initialized using 'CodeIgniter\Session\Handlers\FileHandler' driver.
DEBUG - 2025-08-03 07:55:33 --> Session: Class initialized using 'CodeIgniter\Session\Handlers\FileHandler' driver.
DEBUG - 2025-08-03 07:55:40 --> Session: Class initialized using 'CodeIgniter\Session\Handlers\FileHandler' driver.
DEBUG - 2025-08-03 07:55:43 --> Session: Class initialized using 'CodeIgniter\Session\Handlers\FileHandler' driver.
DEBUG - 2025-08-03 07:55:52 --> Session: Class initialized using 'CodeIgniter\Session\Handlers\FileHandler' driver.
DEBUG - 2025-08-03 07:56:00 --> Session: Class initialized using 'CodeIgniter\Session\Handlers\FileHandler' driver.
DEBUG - 2025-08-03 07:56:18 --> Session: Class initialized using 'CodeIgniter\Session\Handlers\FileHandler' driver.
DEBUG - 2025-08-03 07:57:35 --> Session: Class initialized using 'CodeIgniter\Session\Handlers\FileHandler' driver.
DEBUG - 2025-08-03 07:57:44 --> Session: Class initialized using 'CodeIgniter\Session\Handlers\FileHandler' driver.
DEBUG - 2025-08-03 07:57:46 --> Session: Class initialized using 'CodeIgniter\Session\Handlers\FileHandler' driver.
DEBUG - 2025-08-03 07:58:21 --> Session: Class initialized using 'CodeIgniter\Session\Handlers\FileHandler' driver.
DEBUG - 2025-08-03 07:59:40 --> Session: Class initialized using 'CodeIgniter\Session\Handlers\FileHandler' driver.
DEBUG - 2025-08-03 07:59:40 --> Session: Class initialized using 'CodeIgniter\Session\Handlers\FileHandler' driver.
DEBUG - 2025-08-03 08:00:27 --> Session: Class initialized using 'CodeIgniter\Session\Handlers\FileHandler' driver.
DEBUG - 2025-08-03 08:00:27 --> Session: Class initialized using 'CodeIgniter\Session\Handlers\FileHandler' driver.
DEBUG - 2025-08-03 08:00:32 --> Session: Class initialized using 'CodeIgniter\Session\Handlers\FileHandler' driver.
DEBUG - 2025-08-03 08:03:36 --> Session: Class initialized using 'CodeIgniter\Session\Handlers\FileHandler' driver.
DEBUG - 2025-08-03 08:03:38 --> Session: Class initialized using 'CodeIgniter\Session\Handlers\FileHandler' driver.
DEBUG - 2025-08-03 08:03:40 --> Session: Class initialized using 'CodeIgniter\Session\Handlers\FileHandler' driver.
